#
# A fatal error has been detected by the Java Runtime Environment:
#
#  EXCEPTION_ACCESS_VIOLATION (0xc0000005) at pc=0x0000000180008790, pid=5344, tid=3700
#
# JRE version: Java(TM) SE Runtime Environment (8.0_65-b17) (build 1.8.0_65-b17)
# Java VM: Java HotSpot(TM) 64-Bit Server VM (25.65-b01 mixed mode windows-amd64 compressed oops)
# Problematic frame:
# C  [rxtxSerial.dll+0x8790]
#
# Failed to write core dump. Minidumps are not enabled by default on client versions of Windows
#
# If you would like to submit a bug report, please visit:
#   http://bugreport.java.com/bugreport/crash.jsp
# The crash happened outside the Java Virtual Machine in native code.
# See problematic frame for where to report the bug.
#

---------------  T H R E A D  ---------------

Current thread (0x0000000057a5a800):  JavaThread "Thread-0" [_thread_in_native, id=3700, stack(0x0000000059a50000,0x0000000059b50000)]

siginfo: ExceptionCode=0xc0000005, reading address 0x00000000000000f8

Registers:
RAX=0x0000000000000002, RBX=0x0000000002405370, RCX=0x0000000000000001, RDX=0x0000000000000000
RSP=0x0000000059b4f070, RBP=0x0000000059b4f2e0, RSI=0x0000000057a69d49, RDI=0x0000000000000000
R8 =0x0000000000000000, R9 =0x0000000000000000, R10=0x0000000059537b80, R11=0x0000000000000002
R12=0x0000000059b4f2e8, R13=0x00000000561bad40, R14=0x0000000059b4f2e8, R15=0x0000000057a5a800
RIP=0x0000000180008790, EFLAGS=0x0000000000010206

Top of Stack: (sp=0x0000000059b4f070)
0x0000000059b4f070:   0000000002405370 0000000057a69d40
0x0000000059b4f080:   0000000057a5a800 0000000000000009
0x0000000059b4f090:   0000000057a69d40 000000018000aab4
0x0000000059b4f0a0:   0000000057a5a9f8 0000000000000106
0x0000000059b4f0b0:   00000000561bad40 0000000059b4f2e8
0x0000000059b4f0c0:   00000000567a3250 0000000057a69d40
0x0000000059b4f0d0:   0000000059b4f2e0 000000018000b7fe
0x0000000059b4f0e0:   0000000000000008 00000000561bad40
0x0000000059b4f0f0:   0000000057a5a9f8 0000000000000000
0x0000000059b4f100:   0000000057a5a800 0000000000000000
0x0000000059b4f110:   000040da670126fc 000000007fffffdc
0x0000000059b4f120:   0000000059b4f1b0 0000000000000042
0x0000000059b4f130:   0000000057a5a9f8 0000000000000000
0x0000000059b4f140:   0000000057a69d40 000000018000213d
0x0000000059b4f150:   0000000059b4f2e0 000000018001c0b0
0x0000000059b4f160:   0000000000000000 0000000180000000 

Instructions: (pc=0x0000000180008790)
0x0000000180008770:   89 83 00 01 00 00 48 89 1d 73 6f 01 00 48 8b c3
0x0000000180008780:   48 8b 5c 24 30 48 8b 74 24 38 48 83 c4 20 5f c3
0x0000000180008790:   39 87 f8 00 00 00 7d 20 0f 1f 84 00 00 00 00 00
0x00000001800087a0:   48 8b 87 00 01 00 00 48 85 c0 74 0c 44 39 98 f8 


Register to memory mapping:

RAX=0x0000000000000002 is an unknown value
RBX=0x0000000002405370 is an unknown value
RCX=0x0000000000000001 is an unknown value
RDX=0x0000000000000000 is an unknown value
RSP=0x0000000059b4f070 is pointing into the stack for thread: 0x0000000057a5a800
RBP=0x0000000059b4f2e0 is pointing into the stack for thread: 0x0000000057a5a800
RSI=0x0000000057a69d49 is an unknown value
RDI=0x0000000000000000 is an unknown value
R8 =0x0000000000000000 is an unknown value
R9 =0x0000000000000000 is an unknown value
R10=0x0000000059537b80 is an unknown value
R11=0x0000000000000002 is an unknown value
R12=0x0000000059b4f2e8 is pointing into the stack for thread: 0x0000000057a5a800
R13=0x00000000561bad40 is pointing into metadata
R14=0x0000000059b4f2e8 is pointing into the stack for thread: 0x0000000057a5a800
R15=0x0000000057a5a800 is a thread


Stack: [0x0000000059a50000,0x0000000059b50000],  sp=0x0000000059b4f070,  free space=1020k
Native frames: (J=compiled Java code, j=interpreted, Vv=VM code, C=native code)
C  [rxtxSerial.dll+0x8790]
C  [rxtxSerial.dll+0xaab4]
C  [rxtxSerial.dll+0x213d]
C  0x000000000278462b

Java frames: (J=compiled Java code, j=interpreted, Vv=VM code)
j  gnu.io.RXTXPort.open(Ljava/lang/String;)I+0
j  gnu.io.RXTXPort.<init>(Ljava/lang/String;)V+125
j  gnu.io.RXTXCommDriver.getCommPort(Ljava/lang/String;I)Lgnu/io/CommPort;+78
j  gnu.io.CommPortIdentifier.open(Ljava/lang/String;I)Lgnu/io/CommPort;+171
j  trackitarduino.Arduino.initialize()V+104
j  trackitarduino.ArduinoThread.run()V+17
v  ~StubRoutines::call_stub

---------------  P R O C E S S  ---------------

Java Threads: ( => current thread )
  0x0000000057a86800 JavaThread "Thread-4" [_thread_in_native, id=3600, stack(0x000000005a1b0000,0x000000005a2b0000)]
  0x0000000057a69000 JavaThread "Thread-3" [_thread_in_native, id=3164, stack(0x000000005a050000,0x000000005a150000)]
  0x000000000015e000 JavaThread "DestroyJavaVM" [_thread_blocked, id=4324, stack(0x0000000002280000,0x0000000002380000)]
=>0x0000000057a5a800 JavaThread "Thread-0" [_thread_in_native, id=3700, stack(0x0000000059a50000,0x0000000059b50000)]
  0x0000000057a02800 JavaThread "Service Thread" daemon [_thread_blocked, id=2740, stack(0x0000000059110000,0x0000000059210000)]
  0x0000000057979000 JavaThread "C1 CompilerThread3" daemon [_thread_blocked, id=2744, stack(0x0000000059610000,0x0000000059710000)]
  0x0000000057977000 JavaThread "C2 CompilerThread2" daemon [_thread_blocked, id=2756, stack(0x00000000593d0000,0x00000000594d0000)]
  0x000000005796c000 JavaThread "C2 CompilerThread1" daemon [_thread_blocked, id=2776, stack(0x0000000059230000,0x0000000059330000)]
  0x0000000057960800 JavaThread "C2 CompilerThread0" daemon [_thread_blocked, id=4456, stack(0x0000000058e40000,0x0000000058f40000)]
  0x000000005795e800 JavaThread "Attach Listener" daemon [_thread_blocked, id=4676, stack(0x0000000058f90000,0x0000000059090000)]
  0x000000005795d000 JavaThread "Signal Dispatcher" daemon [_thread_blocked, id=5340, stack(0x0000000058d40000,0x0000000058e40000)]
  0x000000005679a800 JavaThread "Finalizer" daemon [_thread_blocked, id=1800, stack(0x0000000058b60000,0x0000000058c60000)]
  0x000000000224f000 JavaThread "Reference Handler" daemon [_thread_blocked, id=4544, stack(0x00000000589f0000,0x0000000058af0000)]

Other Threads:
  0x000000000224c000 VMThread [stack: 0x00000000588b0000,0x00000000589b0000] [id=5216]
  0x00000000579c0800 WatcherThread [stack: 0x0000000059890000,0x0000000059990000] [id=1796]

VM state:not at safepoint (normal execution)

VM Mutex/Monitor currently owned by a thread: None

Heap:
 PSYoungGen      total 28672K, used 4424K [0x00000000e0580000, 0x00000000e2580000, 0x0000000100000000)
  eden space 24576K, 18% used [0x00000000e0580000,0x00000000e09d2140,0x00000000e1d80000)
  from space 4096K, 0% used [0x00000000e2180000,0x00000000e2180000,0x00000000e2580000)
  to   space 4096K, 0% used [0x00000000e1d80000,0x00000000e1d80000,0x00000000e2180000)
 ParOldGen       total 65536K, used 0K [0x00000000a1000000, 0x00000000a5000000, 0x00000000e0580000)
  object space 65536K, 0% used [0x00000000a1000000,0x00000000a1000000,0x00000000a5000000)
 Metaspace       used 2980K, capacity 4664K, committed 4864K, reserved 1056768K
  class space    used 326K, capacity 424K, committed 512K, reserved 1048576K

Card table byte_map: [0x0000000011b30000,0x0000000011e30000] byte_map_base: 0x0000000011628000

Marking Bits: (ParMarkBitMap*) 0x0000000066c4a5b0
 Begin Bits: [0x0000000012b30000, 0x00000000142f0000)
 End Bits:   [0x00000000142f0000, 0x0000000015ab0000)

Polling page: 0x0000000000140000

CodeCache: size=245760Kb used=1206Kb max_used=1206Kb free=244553Kb
 bounds [0x0000000002770000, 0x00000000029e0000, 0x0000000011770000]
 total_blobs=311 nmethods=77 adapters=148
 compilation: enabled

Compilation events (10 events):
Event: 0.161 Thread 0x0000000057979000 nmethod 62 0x0000000002892a90 code [0x0000000002892c00, 0x0000000002892e68]
Event: 0.162 Thread 0x0000000057979000   68       3       java.lang.String::indexOf (7 bytes)
Event: 0.162 Thread 0x0000000057979000 nmethod 68 0x0000000002892490 code [0x0000000002892600, 0x0000000002892888]
Event: 0.167 Thread 0x0000000057977000   70       4       java.util.Arrays::copyOfRange (63 bytes)
Event: 0.171 Thread 0x0000000057977000 nmethod 70 0x0000000002897450 code [0x00000000028975a0, 0x00000000028977b8]
Event: 0.171 Thread 0x000000005796c000   71       4       java.lang.String::<init> (82 bytes)
Event: 0.173 Thread 0x0000000057979000   73  s!   3       sun.misc.URLClassPath::getLoader (197 bytes)
Event: 0.175 Thread 0x000000005796c000 nmethod 71 0x0000000002896e90 code [0x0000000002896fe0, 0x0000000002897278]
Event: 0.177 Thread 0x0000000057979000 nmethod 73 0x0000000002898210 code [0x00000000028985e0, 0x000000000289acb8]
Event: 0.177 Thread 0x0000000057979000   72  s    3       sun.misc.URLClassPath::getNextLoader (88 bytes)

GC Heap History (0 events):
No events

Deoptimization events (0 events):
No events

Internal exceptions (10 events):
Event: 0.067 Thread 0x000000000015e000 Exception <a 'java/lang/NoSuchMethodError': Method sun.misc.Unsafe.defineClass(Ljava/lang/String;[BII)Ljava/lang/Class; name or signature does not match> (0x00000000e058d088) thrown at [C:\workspace\8-2-build-windows-amd64-cygwin\jdk8u65\4987\hotspot\src\s…˜±?
Event: 0.067 Thread 0x000000000015e000 Exception <a 'java/lang/NoSuchMethodError': Method sun.misc.Unsafe.prefetchRead(Ljava/lang/Object;J)V name or signature does not match> (0x00000000e058d370) thrown at [C:\workspace\8-2-build-windows-amd64-cygwin\jdk8u65\4987\hotspot\src\share\vm\prims\jni.q;”Ô4Ã?
Event: 0.150 Thread 0x0000000057a5a800 Exception <a 'java/io/FileNotFoundException'> (0x00000000e072b2e8) thrown at [C:\workspace\8-2-build-windows-amd64-cygwin\jdk8u65\4987\hotspot\src\share\vm\prims\jni.cpp, line 709]
Event: 0.158 Thread 0x0000000057a5a800 Exception <a 'java/io/FileNotFoundException'> (0x00000000e0741d80) thrown at [C:\workspace\8-2-build-windows-amd64-cygwin\jdk8u65\4987\hotspot\src\share\vm\prims\jni.cpp, line 709]
Event: 0.160 Thread 0x0000000057a5a800 Exception <a 'java/io/FileNotFoundException'> (0x00000000e0752160) thrown at [C:\workspace\8-2-build-windows-amd64-cygwin\jdk8u65\4987\hotspot\src\share\vm\prims\jni.cpp, line 709]
Event: 0.163 Thread 0x0000000057a5a800 Exception <a 'java/io/FileNotFoundException'> (0x00000000e0768588) thrown at [C:\workspace\8-2-build-windows-amd64-cygwin\jdk8u65\4987\hotspot\src\share\vm\prims\jni.cpp, line 709]
Event: 0.164 Thread 0x0000000057a5b800 Exception <a 'java/io/FileNotFoundException'> (0x00000000e076c628) thrown at [C:\workspace\8-2-build-windows-amd64-cygwin\jdk8u65\4987\hotspot\src\share\vm\prims\jni.cpp, line 709]
Event: 0.167 Thread 0x0000000057a5b800 Exception <a 'java/io/FileNotFoundException'> (0x00000000e0782a50) thrown at [C:\workspace\8-2-build-windows-amd64-cygwin\jdk8u65\4987\hotspot\src\share\vm\prims\jni.cpp, line 709]
Event: 0.168 Thread 0x0000000057a5c000 Exception <a 'java/io/FileNotFoundException'> (0x00000000e07e7450) thrown at [C:\workspace\8-2-build-windows-amd64-cygwin\jdk8u65\4987\hotspot\src\share\vm\prims\jni.cpp, line 709]
Event: 0.171 Thread 0x0000000057a5c000 Exception <a 'java/io/FileNotFoundException'> (0x00000000e07fd878) thrown at [C:\workspace\8-2-build-windows-amd64-cygwin\jdk8u65\4987\hotspot\src\share\vm\prims\jni.cpp, line 709]

Events (10 events):
Event: 0.175 loading class java/io/DataOutput done
Event: 0.175 loading class java/io/DataInput
Event: 0.175 loading class java/io/DataInput done
Event: 0.175 loading class java/io/RandomAccessFile done
Event: 0.175 loading class gnu/io/UnSupportedLoggerException
Event: 0.175 loading class gnu/io/UnSupportedLoggerException done
Event: 0.175 loading class java/lang/NumberFormatException
Event: 0.176 loading class java/lang/NumberFormatException done
Event: 0.177 loading class java/lang/IndexOutOfBoundsException
Event: 0.177 loading class java/lang/IndexOutOfBoundsException done


Dynamic libraries:
0x000000013f950000 - 0x000000013f987000 	C:\Program Files\Java\jdk1.8.0_65\bin\java.exe
0x0000000076ed0000 - 0x0000000077079000 	C:\Windows\SYSTEM32\ntdll.dll
0x0000000076db0000 - 0x0000000076ecf000 	C:\Windows\system32\kernel32.dll
0x000007fefceb0000 - 0x000007fefcf1c000 	C:\Windows\system32\KERNELBASE.dll
0x000007fefefd0000 - 0x000007feff0ab000 	C:\Windows\system32\ADVAPI32.dll
0x000007fefd3c0000 - 0x000007fefd45f000 	C:\Windows\system32\msvcrt.dll
0x000007fefd460000 - 0x000007fefd47f000 	C:\Windows\SYSTEM32\sechost.dll
0x000007feff0b0000 - 0x000007feff1dd000 	C:\Windows\system32\RPCRT4.dll
0x0000000076cb0000 - 0x0000000076daa000 	C:\Windows\system32\USER32.dll
0x000007fefd850000 - 0x000007fefd8b7000 	C:\Windows\system32\GDI32.dll
0x000007fefdaf0000 - 0x000007fefdafe000 	C:\Windows\system32\LPK.dll
0x000007fefd210000 - 0x000007fefd2d9000 	C:\Windows\system32\USP10.dll
0x000007fefb5f0000 - 0x000007fefb7e4000 	C:\Windows\WinSxS\amd64_microsoft.windows.common-controls_6595b64144ccf1df_6.0.7601.17514_none_fa396087175ac9ac\COMCTL32.dll
0x000007fefd2e0000 - 0x000007fefd351000 	C:\Windows\system32\SHLWAPI.dll
0x000007fefd4d0000 - 0x000007fefd4fe000 	C:\Windows\system32\IMM32.DLL
0x000007fefd740000 - 0x000007fefd849000 	C:\Windows\system32\MSCTF.dll
0x0000000068450000 - 0x0000000068522000 	C:\Program Files\Java\jdk1.8.0_65\jre\bin\msvcr100.dll
0x0000000066440000 - 0x0000000066cc9000 	C:\Program Files\Java\jdk1.8.0_65\jre\bin\server\jvm.dll
0x000007fefae50000 - 0x000007fefae59000 	C:\Windows\system32\WSOCK32.dll
0x000007fefd480000 - 0x000007fefd4cd000 	C:\Windows\system32\WS2_32.dll
0x000007fefefc0000 - 0x000007fefefc8000 	C:\Windows\system32\NSI.dll
0x000007fef9690000 - 0x000007fef96cb000 	C:\Windows\system32\WINMM.dll
0x000007fefbdc0000 - 0x000007fefbdcc000 	C:\Windows\system32\VERSION.dll
0x0000000077090000 - 0x0000000077097000 	C:\Windows\system32\PSAPI.DLL
0x0000000068430000 - 0x000000006843f000 	C:\Program Files\Java\jdk1.8.0_65\jre\bin\verify.dll
0x0000000067e70000 - 0x0000000067e99000 	C:\Program Files\Java\jdk1.8.0_65\jre\bin\java.dll
0x0000000067e50000 - 0x0000000067e66000 	C:\Program Files\Java\jdk1.8.0_65\jre\bin\zip.dll
0x000007fefdb00000 - 0x000007fefe888000 	C:\Windows\system32\SHELL32.dll
0x000007fefd8e0000 - 0x000007fefdae3000 	C:\Windows\system32\ole32.dll
0x000007fefccf0000 - 0x000007fefccff000 	C:\Windows\system32\profapi.dll
0x0000000180000000 - 0x0000000180025000 	C:\Windows\SysWOW64\rxtxSerial.dll
0x000007fef7cf0000 - 0x000007fef7e15000 	C:\Windows\system32\dbghelp.dll

VM Arguments:
jvm_args: -Dfile.encoding=UTF-8 -Djava.library.path=C:\Windows\SysWOW64 
java_command: trackitarduino.Main
java_class_path (initial): D:\Desarrollo\GitHub\Arduino\TrackitARDUINO\librerias\RXTXcomm.jar;D:\Desarrollo\GitHub\Arduino\TrackitARDUINO\librerias\json-simple-1.1.1.jar;D:\Desarrollo\GitHub\Arduino\TrackitARDUINO\librerias\org.json.jar;D:\Desarrollo\GitHub\Arduino\TrackitARDUINO\build\classes
Launcher Type: SUN_STANDARD

Environment Variables:
PATH=C:\ProgramData\Oracle\Java\javapath;C:\Program Files (x86)\AMD APP\bin\x86_64;C:\Program Files (x86)\AMD APP\bin\x86;C:\Windows\system32;C:\Windows;C:\Windows\System32\Wbem;C:\Windows\System32\WindowsPowerShell\v1.0\;C:\Program Files\Dell\Dell Wireless WLAN Card;C:\Program Files (x86)\ATI Technologies\ATI.ACE\Core-Static;C:\Program Files (x86)\Skype\Phone\;C:\Program Files (x86)\Brackets\command;C:\Program Files\nodejs\;C:\Users\jtarira\AppData\Local\atom\bin;C:\Users\jtarira\AppData\Roaming\npm
USERNAME=jtarira
OS=Windows_NT
PROCESSOR_IDENTIFIER=Intel64 Family 6 Model 30 Stepping 5, GenuineIntel



---------------  S Y S T E M  ---------------

OS: Windows 7 , 64 bit Build 7601 (6.1.7601.18409)

CPU:total 8 (4 cores per cpu, 2 threads per core) family 6 model 30 stepping 5, cmov, cx8, fxsr, mmx, sse, sse2, sse3, ssse3, sse4.1, sse4.2, popcnt, ht, tsc, tscinvbit

Memory: 4k page, physical 6222372k(2772188k free), swap 12442880k(8259240k free)

vm_info: Java HotSpot(TM) 64-Bit Server VM (25.65-b01) for windows-amd64 JRE (1.8.0_65-b17), built on Oct  6 2015 16:39:20 by "java_re" with MS VC++ 10.0 (VS2010)

time: Thu Nov 17 08:54:28 2016
elapsed time: 0 seconds (0d 0h 0m 0s)

