#
# A fatal error has been detected by the Java Runtime Environment:
#
#  EXCEPTION_ACCESS_VIOLATION (0xc0000005) at pc=0x0000000180008790, pid=3324, tid=2516
#
# JRE version: Java(TM) SE Runtime Environment (8.0_65-b17) (build 1.8.0_65-b17)
# Java VM: Java HotSpot(TM) 64-Bit Server VM (25.65-b01 mixed mode windows-amd64 compressed oops)
# Problematic frame:
# C  [rxtxSerial.dll+0x8790]
#
# Failed to write core dump. Minidumps are not enabled by default on client versions of Windows
#
# If you would like to submit a bug report, please visit:
#   http://bugreport.java.com/bugreport/crash.jsp
# The crash happened outside the Java Virtual Machine in native code.
# See problematic frame for where to report the bug.
#

---------------  T H R E A D  ---------------

Current thread (0x0000000057b30800):  JavaThread "Thread-0" [_thread_in_native, id=2516, stack(0x00000000596e0000,0x00000000597e0000)]

siginfo: ExceptionCode=0xc0000005, reading address 0x00000000000000f8

Registers:
RAX=0x0000000000000002, RBX=0x0000000059bb5370, RCX=0x0000000000000001, RDX=0x0000000000000000
RSP=0x00000000597dea70, RBP=0x00000000597dece0, RSI=0x0000000057b456a9, RDI=0x0000000000000000
R8 =0x0000000000000000, R9 =0x0000000000000000, R10=0x0000000000000004, R11=0x0000000000000002
R12=0x00000000597dece8, R13=0x00000000563ca4a8, R14=0x00000000597dece8, R15=0x0000000057b30800
RIP=0x0000000180008790, EFLAGS=0x0000000000010206

Top of Stack: (sp=0x00000000597dea70)
0x00000000597dea70:   0000000059bb5370 0000000057b456a0
0x00000000597dea80:   0000000057b30800 0000000000000009
0x00000000597dea90:   0000000057b456a0 000000018000aab4
0x00000000597deaa0:   0000000057b309f8 0000000000000106
0x00000000597deab0:   00000000563ca4a8 00000000597dece8
0x00000000597deac0:   00000000569b38b0 0000000057b456a0
0x00000000597dead0:   00000000597dece0 000000018000b7fe
0x00000000597deae0:   0000000000000008 00000000563ca4a8
0x00000000597deaf0:   0000000057b309f8 0000000000000000
0x00000000597deb00:   0000000057b30800 0000000000000000
0x00000000597deb10:   00002f3b33f74bd2 000000007fffffdc
0x00000000597deb20:   00000000597debb0 0000000000000042
0x00000000597deb30:   0000000057b309f8 0000000000000000
0x00000000597deb40:   0000000057b456a0 000000018000213d
0x00000000597deb50:   00000000597dece0 000000018001c0b0
0x00000000597deb60:   0000000000000000 0000000180000000 

Instructions: (pc=0x0000000180008790)
0x0000000180008770:   89 83 00 01 00 00 48 89 1d 73 6f 01 00 48 8b c3
0x0000000180008780:   48 8b 5c 24 30 48 8b 74 24 38 48 83 c4 20 5f c3
0x0000000180008790:   39 87 f8 00 00 00 7d 20 0f 1f 84 00 00 00 00 00
0x00000001800087a0:   48 8b 87 00 01 00 00 48 85 c0 74 0c 44 39 98 f8 


Register to memory mapping:

RAX=0x0000000000000002 is an unknown value
RBX=0x0000000059bb5370 is an unknown value
RCX=0x0000000000000001 is an unknown value
RDX=0x0000000000000000 is an unknown value
RSP=0x00000000597dea70 is pointing into the stack for thread: 0x0000000057b30800
RBP=0x00000000597dece0 is pointing into the stack for thread: 0x0000000057b30800
RSI=0x0000000057b456a9 is an unknown value
RDI=0x0000000000000000 is an unknown value
R8 =0x0000000000000000 is an unknown value
R9 =0x0000000000000000 is an unknown value
R10=0x0000000000000004 is an unknown value
R11=0x0000000000000002 is an unknown value
R12=0x00000000597dece8 is pointing into the stack for thread: 0x0000000057b30800
R13=0x00000000563ca4a8 is pointing into metadata
R14=0x00000000597dece8 is pointing into the stack for thread: 0x0000000057b30800
R15=0x0000000057b30800 is a thread


Stack: [0x00000000596e0000,0x00000000597e0000],  sp=0x00000000597dea70,  free space=1018k
Native frames: (J=compiled Java code, j=interpreted, Vv=VM code, C=native code)
C  [rxtxSerial.dll+0x8790]
C  [rxtxSerial.dll+0xaab4]
C  [rxtxSerial.dll+0x213d]
C  0x00000000029e462b

Java frames: (J=compiled Java code, j=interpreted, Vv=VM code)
j  gnu.io.RXTXPort.open(Ljava/lang/String;)I+0
j  gnu.io.RXTXPort.<init>(Ljava/lang/String;)V+125
j  gnu.io.RXTXCommDriver.getCommPort(Ljava/lang/String;I)Lgnu/io/CommPort;+78
j  gnu.io.CommPortIdentifier.open(Ljava/lang/String;I)Lgnu/io/CommPort;+171
j  trackitarduino.Arduino.initialize()V+104
j  trackitarduino.ArduinoThread.run()V+45
v  ~StubRoutines::call_stub

---------------  P R O C E S S  ---------------

Java Threads: ( => current thread )
  0x0000000057b37800 JavaThread "Thread-2" [_thread_in_native, id=6016, stack(0x0000000059ce0000,0x0000000059de0000)]
  0x000000000037d800 JavaThread "DestroyJavaVM" [_thread_blocked, id=6344, stack(0x0000000002600000,0x0000000002700000)]
  0x0000000057b31000 JavaThread "Thread-1" [_thread_in_native, id=6716, stack(0x0000000059950000,0x0000000059a50000)]
=>0x0000000057b30800 JavaThread "Thread-0" [_thread_in_native, id=2516, stack(0x00000000596e0000,0x00000000597e0000)]
  0x0000000057afe800 JavaThread "Service Thread" daemon [_thread_blocked, id=6600, stack(0x00000000595e0000,0x00000000596e0000)]
  0x0000000057a75000 JavaThread "C1 CompilerThread3" daemon [_thread_blocked, id=6980, stack(0x00000000594a0000,0x00000000595a0000)]
  0x0000000057a71000 JavaThread "C2 CompilerThread2" daemon [_thread_blocked, id=5816, stack(0x00000000589b0000,0x0000000058ab0000)]
  0x0000000057a67800 JavaThread "C2 CompilerThread1" daemon [_thread_blocked, id=6184, stack(0x0000000059250000,0x0000000059350000)]
  0x0000000057a5e800 JavaThread "C2 CompilerThread0" daemon [_thread_blocked, id=4532, stack(0x0000000059140000,0x0000000059240000)]
  0x0000000057a5c800 JavaThread "Attach Listener" daemon [_thread_blocked, id=5172, stack(0x0000000059040000,0x0000000059140000)]
  0x0000000057a5b800 JavaThread "Signal Dispatcher" daemon [_thread_blocked, id=6760, stack(0x0000000058ec0000,0x0000000058fc0000)]
  0x00000000569aa800 JavaThread "Finalizer" daemon [_thread_blocked, id=6448, stack(0x0000000058da0000,0x0000000058ea0000)]
  0x00000000022af000 JavaThread "Reference Handler" daemon [_thread_blocked, id=1376, stack(0x0000000058c10000,0x0000000058d10000)]

Other Threads:
  0x00000000022ac000 VMThread [stack: 0x0000000058ab0000,0x0000000058bb0000] [id=7088]
  0x0000000057ac6800 WatcherThread [stack: 0x0000000059850000,0x0000000059950000] [id=6776]

VM state:not at safepoint (normal execution)

VM Mutex/Monitor currently owned by a thread: None

Heap:
 PSYoungGen      total 28672K, used 3932K [0x00000000e0580000, 0x00000000e2580000, 0x0000000100000000)
  eden space 24576K, 16% used [0x00000000e0580000,0x00000000e0957318,0x00000000e1d80000)
  from space 4096K, 0% used [0x00000000e2180000,0x00000000e2180000,0x00000000e2580000)
  to   space 4096K, 0% used [0x00000000e1d80000,0x00000000e1d80000,0x00000000e2180000)
 ParOldGen       total 65536K, used 0K [0x00000000a1000000, 0x00000000a5000000, 0x00000000e0580000)
  object space 65536K, 0% used [0x00000000a1000000,0x00000000a1000000,0x00000000a5000000)
 Metaspace       used 2977K, capacity 4664K, committed 4864K, reserved 1056768K
  class space    used 326K, capacity 424K, committed 512K, reserved 1048576K

Card table byte_map: [0x0000000011d90000,0x0000000012090000] byte_map_base: 0x0000000011888000

Marking Bits: (ParMarkBitMap*) 0x0000000067dca5b0
 Begin Bits: [0x0000000012d40000, 0x0000000014500000)
 End Bits:   [0x0000000014500000, 0x0000000015cc0000)

Polling page: 0x0000000000140000

CodeCache: size=245760Kb used=1205Kb max_used=1205Kb free=244554Kb
 bounds [0x00000000029d0000, 0x0000000002c40000, 0x00000000119d0000]
 total_blobs=311 nmethods=77 adapters=148
 compilation: enabled

Compilation events (10 events):
Event: 0.304 Thread 0x0000000057a75000 nmethod 69 0x0000000002af6750 code [0x0000000002af68c0, 0x0000000002af6b48]
Event: 0.304 Thread 0x0000000057a75000   71       1       java.net.URL::getPath (5 bytes)
Event: 0.305 Thread 0x0000000057a75000 nmethod 71 0x0000000002af6cd0 code [0x0000000002af6e20, 0x0000000002af6f30]
Event: 0.309 Thread 0x0000000057a71000   72       4       java.util.Arrays::copyOfRange (63 bytes)
Event: 0.313 Thread 0x0000000057a75000   73       1       java.net.URL::getAuthority (5 bytes)
Event: 0.313 Thread 0x0000000057a75000 nmethod 73 0x0000000002af6f90 code [0x0000000002af70e0, 0x0000000002af71f0]
Event: 0.313 Thread 0x0000000057a75000   75  s!   3       sun.misc.URLClassPath::getLoader (197 bytes)
Event: 0.315 Thread 0x0000000057a71000 nmethod 72 0x0000000002afa050 code [0x0000000002afa1a0, 0x0000000002afa3b8]
Event: 0.319 Thread 0x0000000057a75000 nmethod 75 0x0000000002afa510 code [0x0000000002afa8e0, 0x0000000002afcfb8]
Event: 0.320 Thread 0x0000000057a75000   74  s    3       sun.misc.URLClassPath::getNextLoader (88 bytes)

GC Heap History (0 events):
No events

Deoptimization events (0 events):
No events

Internal exceptions (8 events):
Event: 0.084 Thread 0x000000000037d800 Exception <a 'java/lang/NoSuchMethodError': Method sun.misc.Unsafe.defineClass(Ljava/lang/String;[BII)Ljava/lang/Class; name or signature does not match> (0x00000000e058cc50) thrown at [C:\workspace\8-2-build-windows-amd64-cygwin\jdk8u65\4987\hotspot\src\sÞdú
®µ?
Event: 0.085 Thread 0x000000000037d800 Exception <a 'java/lang/NoSuchMethodError': Method sun.misc.Unsafe.prefetchRead(Ljava/lang/Object;J)V name or signature does not match> (0x00000000e058cf38) thrown at [C:\workspace\8-2-build-windows-amd64-cygwin\jdk8u65\4987\hotspot\src\share\vm\prims\jni.mä‹e†Ò?
Event: 0.283 Thread 0x0000000057b31000 Exception <a 'java/io/FileNotFoundException'> (0x00000000e0816ca8) thrown at [C:\workspace\8-2-build-windows-amd64-cygwin\jdk8u65\4987\hotspot\src\share\vm\prims\jni.cpp, line 709]
Event: 0.294 Thread 0x0000000057b31000 Exception <a 'java/io/FileNotFoundException'> (0x00000000e082d710) thrown at [C:\workspace\8-2-build-windows-amd64-cygwin\jdk8u65\4987\hotspot\src\share\vm\prims\jni.cpp, line 709]
Event: 0.297 Thread 0x0000000057b31000 Exception <a 'java/io/FileNotFoundException'> (0x00000000e083dad0) thrown at [C:\workspace\8-2-build-windows-amd64-cygwin\jdk8u65\4987\hotspot\src\share\vm\prims\jni.cpp, line 709]
Event: 0.302 Thread 0x0000000057b31000 Exception <a 'java/io/FileNotFoundException'> (0x00000000e0853ec8) thrown at [C:\workspace\8-2-build-windows-amd64-cygwin\jdk8u65\4987\hotspot\src\share\vm\prims\jni.cpp, line 709]
Event: 0.304 Thread 0x0000000057b30800 Exception <a 'java/io/FileNotFoundException'> (0x00000000e06fc128) thrown at [C:\workspace\8-2-build-windows-amd64-cygwin\jdk8u65\4987\hotspot\src\share\vm\prims\jni.cpp, line 709]
Event: 0.309 Thread 0x0000000057b30800 Exception <a 'java/io/FileNotFoundException'> (0x00000000e0712520) thrown at [C:\workspace\8-2-build-windows-amd64-cygwin\jdk8u65\4987\hotspot\src\share\vm\prims\jni.cpp, line 709]

Events (10 events):
Event: 0.316 loading class java/io/RandomAccessFile
Event: 0.316 loading class java/io/DataOutput
Event: 0.316 loading class java/io/DataOutput done
Event: 0.316 loading class java/io/DataInput
Event: 0.316 loading class java/io/DataInput done
Event: 0.316 loading class java/io/RandomAccessFile done
Event: 0.317 loading class java/lang/NumberFormatException
Event: 0.317 loading class java/lang/NumberFormatException done
Event: 0.318 loading class java/lang/IndexOutOfBoundsException
Event: 0.318 loading class java/lang/IndexOutOfBoundsException done


Dynamic libraries:
0x000000013fa40000 - 0x000000013fa77000 	C:\Program Files\Java\jdk1.8.0_65\bin\java.exe
0x00000000770d0000 - 0x0000000077279000 	C:\Windows\SYSTEM32\ntdll.dll
0x0000000076fb0000 - 0x00000000770cf000 	C:\Windows\system32\kernel32.dll
0x000007fefcf40000 - 0x000007fefcfac000 	C:\Windows\system32\KERNELBASE.dll
0x000007fefe040000 - 0x000007fefe11b000 	C:\Windows\system32\ADVAPI32.dll
0x000007fefda00000 - 0x000007fefda9f000 	C:\Windows\system32\msvcrt.dll
0x000007fefd940000 - 0x000007fefd95f000 	C:\Windows\SYSTEM32\sechost.dll
0x000007feff1d0000 - 0x000007feff2fd000 	C:\Windows\system32\RPCRT4.dll
0x0000000076eb0000 - 0x0000000076faa000 	C:\Windows\system32\USER32.dll
0x000007fefdd40000 - 0x000007fefdda7000 	C:\Windows\system32\GDI32.dll
0x000007fefdaa0000 - 0x000007fefdaae000 	C:\Windows\system32\LPK.dll
0x000007fefd760000 - 0x000007fefd829000 	C:\Windows\system32\USP10.dll
0x000007fefb7f0000 - 0x000007fefb9e4000 	C:\Windows\WinSxS\amd64_microsoft.windows.common-controls_6595b64144ccf1df_6.0.7601.17514_none_fa396087175ac9ac\COMCTL32.dll
0x000007feff360000 - 0x000007feff3d1000 	C:\Windows\system32\SHLWAPI.dll
0x000007fefd730000 - 0x000007fefd75e000 	C:\Windows\system32\IMM32.DLL
0x000007fefd830000 - 0x000007fefd939000 	C:\Windows\system32\MSCTF.dll
0x0000000074750000 - 0x0000000074822000 	C:\Program Files\Java\jdk1.8.0_65\jre\bin\msvcr100.dll
0x00000000675c0000 - 0x0000000067e49000 	C:\Program Files\Java\jdk1.8.0_65\jre\bin\server\jvm.dll
0x000007fefa610000 - 0x000007fefa619000 	C:\Windows\system32\WSOCK32.dll
0x000007fefdcf0000 - 0x000007fefdd3d000 	C:\Windows\system32\WS2_32.dll
0x000007fefe430000 - 0x000007fefe438000 	C:\Windows\system32\NSI.dll
0x000007fefa450000 - 0x000007fefa48b000 	C:\Windows\system32\WINMM.dll
0x000007fefbfc0000 - 0x000007fefbfcc000 	C:\Windows\system32\VERSION.dll
0x0000000077290000 - 0x0000000077297000 	C:\Windows\system32\PSAPI.DLL
0x0000000074c20000 - 0x0000000074c2f000 	C:\Program Files\Java\jdk1.8.0_65\jre\bin\verify.dll
0x0000000074720000 - 0x0000000074749000 	C:\Program Files\Java\jdk1.8.0_65\jre\bin\java.dll
0x0000000074ab0000 - 0x0000000074ac6000 	C:\Program Files\Java\jdk1.8.0_65\jre\bin\zip.dll
0x000007fefe440000 - 0x000007feff1c8000 	C:\Windows\system32\SHELL32.dll
0x000007fefe120000 - 0x000007fefe323000 	C:\Windows\system32\ole32.dll
0x000007fefcef0000 - 0x000007fefceff000 	C:\Windows\system32\profapi.dll
0x0000000180000000 - 0x0000000180025000 	C:\Windows\SysWOW64\rxtxSerial.dll
0x000007fef7e60000 - 0x000007fef7f85000 	C:\Windows\system32\dbghelp.dll

VM Arguments:
jvm_args: -Dfile.encoding=UTF-8 -Djava.library.path=C:\Windows\SysWOW64 
java_command: trackitarduino.TrackitARDUINO
java_class_path (initial): D:\Desarrollo\GitHub\Arduino\TrackitARDUINO\librerias\RXTXcomm.jar;D:\Desarrollo\GitHub\Arduino\TrackitARDUINO\build\classes
Launcher Type: SUN_STANDARD

Environment Variables:
PATH=C:\ProgramData\Oracle\Java\javapath;C:\Program Files (x86)\AMD APP\bin\x86_64;C:\Program Files (x86)\AMD APP\bin\x86;C:\Windows\system32;C:\Windows;C:\Windows\System32\Wbem;C:\Windows\System32\WindowsPowerShell\v1.0\;C:\Program Files\Dell\Dell Wireless WLAN Card;C:\Program Files (x86)\ATI Technologies\ATI.ACE\Core-Static;C:\Program Files (x86)\Skype\Phone\;C:\Program Files (x86)\Brackets\command;C:\Program Files\nodejs\;C:\Program Files (x86)\Microsoft VS Code\bin;C:\Users\jtarira\AppData\Local\atom\bin;C:\Users\jtarira\AppData\Roaming\npm
USERNAME=jtarira
OS=Windows_NT
PROCESSOR_IDENTIFIER=Intel64 Family 6 Model 30 Stepping 5, GenuineIntel



---------------  S Y S T E M  ---------------

OS: Windows 7 , 64 bit Build 7601 (6.1.7601.18409)

CPU:total 8 (4 cores per cpu, 2 threads per core) family 6 model 30 stepping 5, cmov, cx8, fxsr, mmx, sse, sse2, sse3, ssse3, sse4.1, sse4.2, popcnt, ht, tsc, tscinvbit

Memory: 4k page, physical 6222372k(1151396k free), swap 12442880k(6127580k free)

vm_info: Java HotSpot(TM) 64-Bit Server VM (25.65-b01) for windows-amd64 JRE (1.8.0_65-b17), built on Oct  6 2015 16:39:20 by "java_re" with MS VC++ 10.0 (VS2010)

time: Tue Oct 25 23:14:29 2016
elapsed time: 0 seconds (0d 0h 0m 0s)

