#
# A fatal error has been detected by the Java Runtime Environment:
#
#  EXCEPTION_ACCESS_VIOLATION (0xc0000005) at pc=0x0000000180008790, pid=4284, tid=3240
#
# JRE version: Java(TM) SE Runtime Environment (8.0_65-b17) (build 1.8.0_65-b17)
# Java VM: Java HotSpot(TM) 64-Bit Server VM (25.65-b01 mixed mode windows-amd64 compressed oops)
# Problematic frame:
# C  [rxtxSerial.dll+0x8790]
#
# Failed to write core dump. Minidumps are not enabled by default on client versions of Windows
#
# If you would like to submit a bug report, please visit:
#   http://bugreport.java.com/bugreport/crash.jsp
# The crash happened outside the Java Virtual Machine in native code.
# See problematic frame for where to report the bug.
#

---------------  T H R E A D  ---------------

Current thread (0x0000000057ba9800):  JavaThread "Thread-1" [_thread_in_native, id=3240, stack(0x0000000059d30000,0x0000000059e30000)]

siginfo: ExceptionCode=0xc0000005, reading address 0x00000000000000f8

Registers:
RAX=0x0000000000000002, RBX=0x0000000059ad5470, RCX=0x0000000000000001, RDX=0x0000000000000000
RSP=0x0000000059e2efa0, RBP=0x0000000059e2f210, RSI=0x0000000057bba509, RDI=0x0000000000000000
R8 =0x0000000000000000, R9 =0x0000000000000000, R10=0x0000000000000075, R11=0x0000000000000002
R12=0x0000000059e2f218, R13=0x000000005643ad40, R14=0x0000000059e2f218, R15=0x0000000057ba9800
RIP=0x0000000180008790, EFLAGS=0x0000000000010206

Top of Stack: (sp=0x0000000059e2efa0)
0x0000000059e2efa0:   0000000059ad5470 0000000057bba500
0x0000000059e2efb0:   0000000057ba9800 0000000000000009
0x0000000059e2efc0:   0000000057bba500 000000018000aab4
0x0000000059e2efd0:   0000000057ba99f8 0000000000000106
0x0000000059e2efe0:   000000005643ad40 0000000059e2f218
0x0000000059e2eff0:   0000000056a23d30 0000000057bba500
0x0000000059e2f000:   0000000059e2f210 000000018000b7fe
0x0000000059e2f010:   0000000000000008 000000005643ad40
0x0000000059e2f020:   0000000057ba99f8 0000000000000000
0x0000000059e2f030:   0000000057ba9800 0000000000000000
0x0000000059e2f040:   0000406d5ba741d4 000000007fffffdc
0x0000000059e2f050:   0000000059e2f0e0 0000000000000042
0x0000000059e2f060:   0000000057ba99f8 0000000000000000
0x0000000059e2f070:   0000000057bba500 000000018000213d
0x0000000059e2f080:   0000000059e2f210 000000018001c0b0
0x0000000059e2f090:   0000000000000000 0000000180000000 

Instructions: (pc=0x0000000180008790)
0x0000000180008770:   89 83 00 01 00 00 48 89 1d 73 6f 01 00 48 8b c3
0x0000000180008780:   48 8b 5c 24 30 48 8b 74 24 38 48 83 c4 20 5f c3
0x0000000180008790:   39 87 f8 00 00 00 7d 20 0f 1f 84 00 00 00 00 00
0x00000001800087a0:   48 8b 87 00 01 00 00 48 85 c0 74 0c 44 39 98 f8 


Register to memory mapping:

RAX=0x0000000000000002 is an unknown value
RBX=0x0000000059ad5470 is an unknown value
RCX=0x0000000000000001 is an unknown value
RDX=0x0000000000000000 is an unknown value
RSP=0x0000000059e2efa0 is pointing into the stack for thread: 0x0000000057ba9800
RBP=0x0000000059e2f210 is pointing into the stack for thread: 0x0000000057ba9800
RSI=0x0000000057bba509 is an unknown value
RDI=0x0000000000000000 is an unknown value
R8 =0x0000000000000000 is an unknown value
R9 =0x0000000000000000 is an unknown value
R10=0x0000000000000075 is an unknown value
R11=0x0000000000000002 is an unknown value
R12=0x0000000059e2f218 is pointing into the stack for thread: 0x0000000057ba9800
R13=0x000000005643ad40 is pointing into metadata
R14=0x0000000059e2f218 is pointing into the stack for thread: 0x0000000057ba9800
R15=0x0000000057ba9800 is a thread


Stack: [0x0000000059d30000,0x0000000059e30000],  sp=0x0000000059e2efa0,  free space=1019k
Native frames: (J=compiled Java code, j=interpreted, Vv=VM code, C=native code)
C  [rxtxSerial.dll+0x8790]
C  [rxtxSerial.dll+0xaab4]
C  [rxtxSerial.dll+0x213d]
C  0x0000000002a2462b

Java frames: (J=compiled Java code, j=interpreted, Vv=VM code)
j  gnu.io.RXTXPort.open(Ljava/lang/String;)I+0
j  gnu.io.RXTXPort.<init>(Ljava/lang/String;)V+125
j  gnu.io.RXTXCommDriver.getCommPort(Ljava/lang/String;I)Lgnu/io/CommPort;+78
j  gnu.io.CommPortIdentifier.open(Ljava/lang/String;I)Lgnu/io/CommPort;+171
j  trackitarduino.Arduino.initialize()V+104
j  trackitarduino.ArduinoThread.run()V+17
v  ~StubRoutines::call_stub

---------------  P R O C E S S  ---------------

Java Threads: ( => current thread )
  0x0000000057bb9800 JavaThread "Thread-3" [_thread_in_native, id=6532, stack(0x0000000059ae0000,0x0000000059be0000)]
  0x000000000035e000 JavaThread "DestroyJavaVM" [_thread_blocked, id=6000, stack(0x0000000002640000,0x0000000002740000)]
  0x0000000057baa000 JavaThread "Thread-2" [_thread_blocked, id=2960, stack(0x0000000059e90000,0x0000000059f90000)]
=>0x0000000057ba9800 JavaThread "Thread-1" [_thread_in_native, id=3240, stack(0x0000000059d30000,0x0000000059e30000)]
  0x0000000057b6c800 JavaThread "Service Thread" daemon [_thread_blocked, id=5796, stack(0x0000000059890000,0x0000000059990000)]
  0x0000000057af5000 JavaThread "C1 CompilerThread3" daemon [_thread_blocked, id=3988, stack(0x0000000059780000,0x0000000059880000)]
  0x0000000057ae3000 JavaThread "C2 CompilerThread2" daemon [_thread_blocked, id=4460, stack(0x0000000059570000,0x0000000059670000)]
  0x0000000057ada000 JavaThread "C2 CompilerThread1" daemon [_thread_blocked, id=3316, stack(0x00000000593e0000,0x00000000594e0000)]
  0x0000000057ace800 JavaThread "C2 CompilerThread0" daemon [_thread_blocked, id=6696, stack(0x0000000058ea0000,0x0000000058fa0000)]
  0x0000000057acd000 JavaThread "Attach Listener" daemon [_thread_blocked, id=2132, stack(0x0000000059230000,0x0000000059330000)]
  0x0000000057acb000 JavaThread "Signal Dispatcher" daemon [_thread_blocked, id=4316, stack(0x0000000058fa0000,0x00000000590a0000)]
  0x0000000056a1a800 JavaThread "Finalizer" daemon [_thread_blocked, id=6540, stack(0x0000000058d80000,0x0000000058e80000)]
  0x000000000232f800 JavaThread "Reference Handler" daemon [_thread_blocked, id=1988, stack(0x0000000058a20000,0x0000000058b20000)]

Other Threads:
  0x000000000232c000 VMThread [stack: 0x0000000058b90000,0x0000000058c90000] [id=3596]
  0x0000000057b85800 WatcherThread [stack: 0x00000000590d0000,0x00000000591d0000] [id=3980]

VM state:not at safepoint (normal execution)

VM Mutex/Monitor currently owned by a thread: None

Heap:
 PSYoungGen      total 28672K, used 4424K [0x00000000e0580000, 0x00000000e2580000, 0x0000000100000000)
  eden space 24576K, 18% used [0x00000000e0580000,0x00000000e09d2140,0x00000000e1d80000)
  from space 4096K, 0% used [0x00000000e2180000,0x00000000e2180000,0x00000000e2580000)
  to   space 4096K, 0% used [0x00000000e1d80000,0x00000000e1d80000,0x00000000e2180000)
 ParOldGen       total 65536K, used 0K [0x00000000a1000000, 0x00000000a5000000, 0x00000000e0580000)
  object space 65536K, 0% used [0x00000000a1000000,0x00000000a1000000,0x00000000a5000000)
 Metaspace       used 2980K, capacity 4664K, committed 4864K, reserved 1056768K
  class space    used 326K, capacity 424K, committed 512K, reserved 1048576K

Card table byte_map: [0x0000000011dd0000,0x00000000120d0000] byte_map_base: 0x00000000118c8000

Marking Bits: (ParMarkBitMap*) 0x0000000065f1a5b0
 Begin Bits: [0x0000000012db0000, 0x0000000014570000)
 End Bits:   [0x0000000014570000, 0x0000000015d30000)

Polling page: 0x0000000000330000

CodeCache: size=245760Kb used=1208Kb max_used=1208Kb free=244551Kb
 bounds [0x0000000002a10000, 0x0000000002c80000, 0x0000000011a10000]
 total_blobs=314 nmethods=80 adapters=148
 compilation: enabled

Compilation events (10 events):
Event: 0.364 Thread 0x0000000057ace800   74       4       java.lang.String::<init> (82 bytes)
Event: 0.368 Thread 0x0000000057af5000   76  s!   3       sun.misc.URLClassPath::getLoader (197 bytes)
Event: 0.374 Thread 0x0000000057ace800 nmethod 74 0x0000000002b38290 code [0x0000000002b383e0, 0x0000000002b38678]
Event: 0.376 Thread 0x0000000057af5000 nmethod 76 0x0000000002b3bb90 code [0x0000000002b3bf60, 0x0000000002b3e638]
Event: 0.376 Thread 0x0000000057af5000   75  s    3       sun.misc.URLClassPath::getNextLoader (88 bytes)
Event: 0.377 Thread 0x0000000057af5000 nmethod 75 0x0000000002b37410 code [0x0000000002b375e0, 0x0000000002b37e28]
Event: 0.377 Thread 0x0000000057af5000   77       3       java.util.ArrayList::get (11 bytes)
Event: 0.378 Thread 0x0000000057af5000 nmethod 77 0x0000000002b39650 code [0x0000000002b397e0, 0x0000000002b39b18]
Event: 0.379 Thread 0x0000000057af5000   78       3       java.util.concurrent.ConcurrentHashMap::setTabAt (19 bytes)
Event: 0.379 Thread 0x0000000057af5000 nmethod 78 0x0000000002b39310 code [0x0000000002b39460, 0x0000000002b395d0]

GC Heap History (0 events):
No events

Deoptimization events (0 events):
No events

Internal exceptions (10 events):
Event: 0.127 Thread 0x000000000035e000 Exception <a 'java/lang/NoSuchMethodError': Method sun.misc.Unsafe.defineClass(Ljava/lang/String;[BII)Ljava/lang/Class; name or signature does not match> (0x00000000e058cd58) thrown at [C:\workspace\8-2-build-windows-amd64-cygwin\jdk8u65\4987\hotspot\src\sDë®÷=À?
Event: 0.127 Thread 0x000000000035e000 Exception <a 'java/lang/NoSuchMethodError': Method sun.misc.Unsafe.prefetchRead(Ljava/lang/Object;J)V name or signature does not match> (0x00000000e058d040) thrown at [C:\workspace\8-2-build-windows-amd64-cygwin\jdk8u65\4987\hotspot\src\share\vm\prims\jni.×d´®ÄÔ?
Event: 0.325 Thread 0x0000000057ba9000 Exception <a 'java/io/FileNotFoundException'> (0x00000000e072b2e8) thrown at [C:\workspace\8-2-build-windows-amd64-cygwin\jdk8u65\4987\hotspot\src\share\vm\prims\jni.cpp, line 709]
Event: 0.336 Thread 0x0000000057ba9000 Exception <a 'java/io/FileNotFoundException'> (0x00000000e0741d50) thrown at [C:\workspace\8-2-build-windows-amd64-cygwin\jdk8u65\4987\hotspot\src\share\vm\prims\jni.cpp, line 709]
Event: 0.339 Thread 0x0000000057ba9000 Exception <a 'java/io/FileNotFoundException'> (0x00000000e0752110) thrown at [C:\workspace\8-2-build-windows-amd64-cygwin\jdk8u65\4987\hotspot\src\share\vm\prims\jni.cpp, line 709]
Event: 0.347 Thread 0x0000000057ba9000 Exception <a 'java/io/FileNotFoundException'> (0x00000000e0768508) thrown at [C:\workspace\8-2-build-windows-amd64-cygwin\jdk8u65\4987\hotspot\src\share\vm\prims\jni.cpp, line 709]
Event: 0.349 Thread 0x0000000057ba9800 Exception <a 'java/io/FileNotFoundException'> (0x00000000e076c608) thrown at [C:\workspace\8-2-build-windows-amd64-cygwin\jdk8u65\4987\hotspot\src\share\vm\prims\jni.cpp, line 709]
Event: 0.355 Thread 0x0000000057ba9800 Exception <a 'java/io/FileNotFoundException'> (0x00000000e0782a00) thrown at [C:\workspace\8-2-build-windows-amd64-cygwin\jdk8u65\4987\hotspot\src\share\vm\prims\jni.cpp, line 709]
Event: 0.357 Thread 0x0000000057baa000 Exception <a 'java/io/FileNotFoundException'> (0x00000000e07e7430) thrown at [C:\workspace\8-2-build-windows-amd64-cygwin\jdk8u65\4987\hotspot\src\share\vm\prims\jni.cpp, line 709]
Event: 0.363 Thread 0x0000000057baa000 Exception <a 'java/io/FileNotFoundException'> (0x00000000e07fd828) thrown at [C:\workspace\8-2-build-windows-amd64-cygwin\jdk8u65\4987\hotspot\src\share\vm\prims\jni.cpp, line 709]

Events (10 events):
Event: 0.374 loading class java/io/DataOutput done
Event: 0.374 loading class java/io/DataInput
Event: 0.374 loading class java/io/DataInput done
Event: 0.374 loading class java/io/RandomAccessFile done
Event: 0.374 loading class gnu/io/UnSupportedLoggerException
Event: 0.374 loading class gnu/io/UnSupportedLoggerException done
Event: 0.376 loading class java/lang/NumberFormatException
Event: 0.376 loading class java/lang/NumberFormatException done
Event: 0.378 loading class java/lang/IndexOutOfBoundsException
Event: 0.378 loading class java/lang/IndexOutOfBoundsException done


Dynamic libraries:
0x000000013f8a0000 - 0x000000013f8d7000 	C:\Program Files\Java\jdk1.8.0_65\bin\java.exe
0x0000000077b80000 - 0x0000000077d29000 	C:\Windows\SYSTEM32\ntdll.dll
0x0000000077a60000 - 0x0000000077b7f000 	C:\Windows\system32\kernel32.dll
0x000007fefdbf0000 - 0x000007fefdc5c000 	C:\Windows\system32\KERNELBASE.dll
0x000007fefe0d0000 - 0x000007fefe1ab000 	C:\Windows\system32\ADVAPI32.dll
0x000007fefdd50000 - 0x000007fefddef000 	C:\Windows\system32\msvcrt.dll
0x000007feffcd0000 - 0x000007feffcef000 	C:\Windows\SYSTEM32\sechost.dll
0x000007feff040000 - 0x000007feff16d000 	C:\Windows\system32\RPCRT4.dll
0x0000000077960000 - 0x0000000077a5a000 	C:\Windows\system32\USER32.dll
0x000007feff710000 - 0x000007feff777000 	C:\Windows\system32\GDI32.dll
0x000007feff790000 - 0x000007feff79e000 	C:\Windows\system32\LPK.dll
0x000007feff800000 - 0x000007feff8c9000 	C:\Windows\system32\USP10.dll
0x000007fefc2a0000 - 0x000007fefc494000 	C:\Windows\WinSxS\amd64_microsoft.windows.common-controls_6595b64144ccf1df_6.0.7601.17514_none_fa396087175ac9ac\COMCTL32.dll
0x000007feffd90000 - 0x000007feffe01000 	C:\Windows\system32\SHLWAPI.dll
0x000007feff920000 - 0x000007feff94e000 	C:\Windows\system32\IMM32.DLL
0x000007feff170000 - 0x000007feff279000 	C:\Windows\system32\MSCTF.dll
0x0000000075090000 - 0x0000000075162000 	C:\Program Files\Java\jdk1.8.0_65\jre\bin\msvcr100.dll
0x0000000065710000 - 0x0000000065f99000 	C:\Program Files\Java\jdk1.8.0_65\jre\bin\server\jvm.dll
0x000007fefb910000 - 0x000007fefb919000 	C:\Windows\system32\WSOCK32.dll
0x000007feff8d0000 - 0x000007feff91d000 	C:\Windows\system32\WS2_32.dll
0x000007feff780000 - 0x000007feff788000 	C:\Windows\system32\NSI.dll
0x000007fefa4f0000 - 0x000007fefa52b000 	C:\Windows\system32\WINMM.dll
0x000007fefca70000 - 0x000007fefca7c000 	C:\Windows\system32\VERSION.dll
0x0000000077d40000 - 0x0000000077d47000 	C:\Windows\system32\PSAPI.DLL
0x0000000075560000 - 0x000000007556f000 	C:\Program Files\Java\jdk1.8.0_65\jre\bin\verify.dll
0x0000000075060000 - 0x0000000075089000 	C:\Program Files\Java\jdk1.8.0_65\jre\bin\java.dll
0x0000000075510000 - 0x0000000075526000 	C:\Program Files\Java\jdk1.8.0_65\jre\bin\zip.dll
0x000007fefe1d0000 - 0x000007fefef58000 	C:\Windows\system32\SHELL32.dll
0x000007feff950000 - 0x000007feffb53000 	C:\Windows\system32\ole32.dll
0x000007fefd9a0000 - 0x000007fefd9af000 	C:\Windows\system32\profapi.dll
0x0000000180000000 - 0x0000000180025000 	C:\Windows\SysWOW64\rxtxSerial.dll
0x000007fef8a30000 - 0x000007fef8b55000 	C:\Windows\system32\dbghelp.dll

VM Arguments:
jvm_args: -Dfile.encoding=UTF-8 -Djava.library.path=C:\Windows\SysWOW64 
java_command: trackitarduino.Main
java_class_path (initial): D:\Desarrollo\GitHub\Arduino\TrackitARDUINO\librerias\RXTXcomm.jar;D:\Desarrollo\GitHub\Arduino\TrackitARDUINO\librerias\json-simple-1.1.1.jar;D:\Desarrollo\GitHub\Arduino\TrackitARDUINO\librerias\org.json.jar;D:\Desarrollo\GitHub\Arduino\TrackitARDUINO\build\classes
Launcher Type: SUN_STANDARD

Environment Variables:
PATH=C:\ProgramData\Oracle\Java\javapath;C:\Program Files (x86)\AMD APP\bin\x86_64;C:\Program Files (x86)\AMD APP\bin\x86;C:\Windows\system32;C:\Windows;C:\Windows\System32\Wbem;C:\Windows\System32\WindowsPowerShell\v1.0\;C:\Program Files\Dell\Dell Wireless WLAN Card;C:\Program Files (x86)\ATI Technologies\ATI.ACE\Core-Static;C:\Program Files (x86)\Skype\Phone\;C:\Program Files (x86)\Brackets\command;C:\Program Files\nodejs\;C:\Users\jtarira\AppData\Local\atom\bin;C:\Users\jtarira\AppData\Roaming\npm
USERNAME=jtarira
OS=Windows_NT
PROCESSOR_IDENTIFIER=Intel64 Family 6 Model 30 Stepping 5, GenuineIntel



---------------  S Y S T E M  ---------------

OS: Windows 7 , 64 bit Build 7601 (6.1.7601.18409)

CPU:total 8 (4 cores per cpu, 2 threads per core) family 6 model 30 stepping 5, cmov, cx8, fxsr, mmx, sse, sse2, sse3, ssse3, sse4.1, sse4.2, popcnt, ht, tsc, tscinvbit

Memory: 4k page, physical 6222372k(2499204k free), swap 12442880k(8000288k free)

vm_info: Java HotSpot(TM) 64-Bit Server VM (25.65-b01) for windows-amd64 JRE (1.8.0_65-b17), built on Oct  6 2015 16:39:20 by "java_re" with MS VC++ 10.0 (VS2010)

time: Wed Nov 16 19:47:38 2016
elapsed time: 0 seconds (0d 0h 0m 0s)

