#
# A fatal error has been detected by the Java Runtime Environment:
#
#  EXCEPTION_ACCESS_VIOLATION (0xc0000005) at pc=0x0000000180008790, pid=1708, tid=1304
#
# JRE version: Java(TM) SE Runtime Environment (8.0_65-b17) (build 1.8.0_65-b17)
# Java VM: Java HotSpot(TM) 64-Bit Server VM (25.65-b01 mixed mode windows-amd64 compressed oops)
# Problematic frame:
# C  [rxtxSerial.dll+0x8790]
#
# Failed to write core dump. Minidumps are not enabled by default on client versions of Windows
#
# If you would like to submit a bug report, please visit:
#   http://bugreport.java.com/bugreport/crash.jsp
# The crash happened outside the Java Virtual Machine in native code.
# See problematic frame for where to report the bug.
#

---------------  T H R E A D  ---------------

Current thread (0x0000000057b05800):  JavaThread "Thread-1" [_thread_in_native, id=1304, stack(0x00000000598c0000,0x00000000599c0000)]

siginfo: ExceptionCode=0xc0000005, reading address 0x00000000000000f8

Registers:
RAX=0x0000000000000002, RBX=0x0000000012ce5370, RCX=0x0000000000000001, RDX=0x0000000000000000
RSP=0x00000000599bed10, RBP=0x00000000599bef80, RSI=0x0000000057b30099, RDI=0x0000000000000000
R8 =0x0000000000000000, R9 =0x0000000000000000, R10=0x0000000000000004, R11=0x0000000000000002
R12=0x00000000599bef88, R13=0x00000000564aad40, R14=0x00000000599bef88, R15=0x0000000057b05800
RIP=0x0000000180008790, EFLAGS=0x0000000000010206

Top of Stack: (sp=0x00000000599bed10)
0x00000000599bed10:   0000000012ce5370 0000000057b30090
0x00000000599bed20:   0000000057b05800 0000000000000009
0x00000000599bed30:   0000000057b30090 000000018000aab4
0x00000000599bed40:   0000000057b059f8 0000000000000106
0x00000000599bed50:   00000000564aad40 00000000599bef88
0x00000000599bed60:   00000000022ef1a0 0000000057b30090
0x00000000599bed70:   00000000599bef80 000000018000b7fe
0x00000000599bed80:   0000000000000008 00000000564aad40
0x00000000599bed90:   0000000057b059f8 0000000000000000
0x00000000599beda0:   0000000057b05800 0000000000000000
0x00000000599bedb0:   00002fec2ee9317e 000000007fffffdc
0x00000000599bedc0:   00000000599bee50 0000000000000042
0x00000000599bedd0:   0000000057b059f8 0000000000000000
0x00000000599bede0:   0000000057b30090 000000018000213d
0x00000000599bedf0:   00000000599bef80 000000018001c0b0
0x00000000599bee00:   0000000000000000 0000000180000000 

Instructions: (pc=0x0000000180008790)
0x0000000180008770:   89 83 00 01 00 00 48 89 1d 73 6f 01 00 48 8b c3
0x0000000180008780:   48 8b 5c 24 30 48 8b 74 24 38 48 83 c4 20 5f c3
0x0000000180008790:   39 87 f8 00 00 00 7d 20 0f 1f 84 00 00 00 00 00
0x00000001800087a0:   48 8b 87 00 01 00 00 48 85 c0 74 0c 44 39 98 f8 


Register to memory mapping:

RAX=0x0000000000000002 is an unknown value
RBX=0x0000000012ce5370 is an unknown value
RCX=0x0000000000000001 is an unknown value
RDX=0x0000000000000000 is an unknown value
RSP=0x00000000599bed10 is pointing into the stack for thread: 0x0000000057b05800
RBP=0x00000000599bef80 is pointing into the stack for thread: 0x0000000057b05800
RSI=0x0000000057b30099 is an unknown value
RDI=0x0000000000000000 is an unknown value
R8 =0x0000000000000000 is an unknown value
R9 =0x0000000000000000 is an unknown value
R10=0x0000000000000004 is an unknown value
R11=0x0000000000000002 is an unknown value
R12=0x00000000599bef88 is pointing into the stack for thread: 0x0000000057b05800
R13=0x00000000564aad40 is pointing into metadata
R14=0x00000000599bef88 is pointing into the stack for thread: 0x0000000057b05800
R15=0x0000000057b05800 is a thread


Stack: [0x00000000598c0000,0x00000000599c0000],  sp=0x00000000599bed10,  free space=1019k
Native frames: (J=compiled Java code, j=interpreted, Vv=VM code, C=native code)
C  [rxtxSerial.dll+0x8790]
C  [rxtxSerial.dll+0xaab4]
C  [rxtxSerial.dll+0x213d]
C  0x000000000284462b

Java frames: (J=compiled Java code, j=interpreted, Vv=VM code)
j  gnu.io.RXTXPort.open(Ljava/lang/String;)I+0
j  gnu.io.RXTXPort.<init>(Ljava/lang/String;)V+125
j  gnu.io.RXTXCommDriver.getCommPort(Ljava/lang/String;I)Lgnu/io/CommPort;+78
j  gnu.io.CommPortIdentifier.open(Ljava/lang/String;I)Lgnu/io/CommPort;+171
j  trackitarduino.Arduino.initialize()V+104
j  trackitarduino.ArduinoThread.run()V+45
v  ~StubRoutines::call_stub

---------------  P R O C E S S  ---------------

Java Threads: ( => current thread )
  0x0000000057b25000 JavaThread "Thread-2" [_thread_in_native, id=148, stack(0x0000000059d90000,0x0000000059e90000)]
  0x00000000022ed800 JavaThread "DestroyJavaVM" [_thread_blocked, id=2920, stack(0x0000000002340000,0x0000000002440000)]
=>0x0000000057b05800 JavaThread "Thread-1" [_thread_in_native, id=1304, stack(0x00000000598c0000,0x00000000599c0000)]
  0x0000000057ac7000 JavaThread "Service Thread" daemon [_thread_blocked, id=2252, stack(0x00000000595c0000,0x00000000596c0000)]
  0x0000000056a9f000 JavaThread "C1 CompilerThread3" daemon [_thread_blocked, id=4756, stack(0x00000000594c0000,0x00000000595c0000)]
  0x0000000056a9e800 JavaThread "C2 CompilerThread2" daemon [_thread_blocked, id=4116, stack(0x0000000059200000,0x0000000059300000)]
  0x0000000056a99000 JavaThread "C2 CompilerThread1" daemon [_thread_blocked, id=7032, stack(0x0000000059340000,0x0000000059440000)]
  0x0000000057a37800 JavaThread "C2 CompilerThread0" daemon [_thread_blocked, id=7004, stack(0x0000000058bc0000,0x0000000058cc0000)]
  0x0000000057a36800 JavaThread "Attach Listener" daemon [_thread_blocked, id=3508, stack(0x0000000059080000,0x0000000059180000)]
  0x0000000057a35000 JavaThread "Signal Dispatcher" daemon [_thread_blocked, id=5460, stack(0x0000000058ef0000,0x0000000058ff0000)]
  0x0000000056a8d800 JavaThread "Finalizer" daemon [_thread_blocked, id=6740, stack(0x0000000058d60000,0x0000000058e60000)]
  0x0000000056a87000 JavaThread "Reference Handler" daemon [_thread_blocked, id=6688, stack(0x0000000058aa0000,0x0000000058ba0000)]

Other Threads:
  0x00000000579e3800 VMThread [stack: 0x0000000058990000,0x0000000058a90000] [id=5696]
  0x0000000057aeb800 WatcherThread [stack: 0x0000000059700000,0x0000000059800000] [id=2952]

VM state:not at safepoint (normal execution)

VM Mutex/Monitor currently owned by a thread: None

Heap:
 PSYoungGen      total 28672K, used 3932K [0x00000000e0580000, 0x00000000e2580000, 0x0000000100000000)
  eden space 24576K, 16% used [0x00000000e0580000,0x00000000e0957318,0x00000000e1d80000)
  from space 4096K, 0% used [0x00000000e2180000,0x00000000e2180000,0x00000000e2580000)
  to   space 4096K, 0% used [0x00000000e1d80000,0x00000000e1d80000,0x00000000e2180000)
 ParOldGen       total 65536K, used 0K [0x00000000a1000000, 0x00000000a5000000, 0x00000000e0580000)
  object space 65536K, 0% used [0x00000000a1000000,0x00000000a1000000,0x00000000a5000000)
 Metaspace       used 2972K, capacity 4664K, committed 4864K, reserved 1056768K
  class space    used 326K, capacity 424K, committed 512K, reserved 1048576K

Card table byte_map: [0x0000000011bf0000,0x0000000011ef0000] byte_map_base: 0x00000000116e8000

Marking Bits: (ParMarkBitMap*) 0x0000000064f7a5b0
 Begin Bits: [0x0000000012e20000, 0x00000000145e0000)
 End Bits:   [0x00000000145e0000, 0x0000000015da0000)

Polling page: 0x0000000000330000

CodeCache: size=245760Kb used=1194Kb max_used=1196Kb free=244565Kb
 bounds [0x0000000002830000, 0x0000000002aa0000, 0x0000000011830000]
 total_blobs=312 nmethods=78 adapters=148
 compilation: enabled

Compilation events (10 events):
Event: 0.288 Thread 0x0000000057a37800   72       4       java.util.Arrays::copyOfRange (63 bytes)
Event: 0.293 Thread 0x0000000056a9f000   74  s    3       sun.misc.URLClassPath::getNextLoader (88 bytes)
Event: 0.294 Thread 0x0000000056a9f000 nmethod 74 0x0000000002956ed0 code [0x00000000029570a0, 0x0000000002957908]
Event: 0.294 Thread 0x0000000056a9f000   75       3       java.util.ArrayList::rangeCheck (22 bytes)
Event: 0.295 Thread 0x0000000057a37800 nmethod 72 0x000000000295ab90 code [0x000000000295ace0, 0x000000000295aef8]
Event: 0.296 Thread 0x0000000056a9f000 nmethod 75 0x0000000002959950 code [0x0000000002959b60, 0x000000000295a5d8]
Event: 0.296 Thread 0x0000000056a9f000   73       1       java.net.URL::getAuthority (5 bytes)
Event: 0.296 Thread 0x0000000056a9f000 nmethod 73 0x0000000002959690 code [0x00000000029597e0, 0x00000000029598f0]
Event: 0.298 Thread 0x0000000056a9f000   76       3       java.util.concurrent.ConcurrentHashMap::setTabAt (19 bytes)
Event: 0.298 Thread 0x0000000056a9f000 nmethod 76 0x0000000002958f90 code [0x00000000029590e0, 0x0000000002959250]

GC Heap History (0 events):
No events

Deoptimization events (0 events):
No events

Internal exceptions (8 events):
Event: 0.099 Thread 0x00000000022ed800 Exception <a 'java/lang/NoSuchMethodError': Method sun.misc.Unsafe.defineClass(Ljava/lang/String;[BII)Ljava/lang/Class; name or signature does not match> (0x00000000e058cf68) thrown at [C:\workspace\8-2-build-windows-amd64-cygwin\jdk8u65\4987\hotspot\src\s„òí–ËJ¹?
Event: 0.099 Thread 0x00000000022ed800 Exception <a 'java/lang/NoSuchMethodError': Method sun.misc.Unsafe.prefetchRead(Ljava/lang/Object;J)V name or signature does not match> (0x00000000e058d250) thrown at [C:\workspace\8-2-build-windows-amd64-cygwin\jdk8u65\4987\hotspot\src\share\vm\prims\jni.Š9u
MØÐ?
Event: 0.263 Thread 0x0000000057aef800 Exception <a 'java/io/FileNotFoundException'> (0x00000000e072b4e8) thrown at [C:\workspace\8-2-build-windows-amd64-cygwin\jdk8u65\4987\hotspot\src\share\vm\prims\jni.cpp, line 709]
Event: 0.273 Thread 0x0000000057aef800 Exception <a 'java/io/FileNotFoundException'> (0x00000000e0741f50) thrown at [C:\workspace\8-2-build-windows-amd64-cygwin\jdk8u65\4987\hotspot\src\share\vm\prims\jni.cpp, line 709]
Event: 0.276 Thread 0x0000000057aef800 Exception <a 'java/io/FileNotFoundException'> (0x00000000e0752310) thrown at [C:\workspace\8-2-build-windows-amd64-cygwin\jdk8u65\4987\hotspot\src\share\vm\prims\jni.cpp, line 709]
Event: 0.281 Thread 0x0000000057aef800 Exception <a 'java/io/FileNotFoundException'> (0x00000000e0768708) thrown at [C:\workspace\8-2-build-windows-amd64-cygwin\jdk8u65\4987\hotspot\src\share\vm\prims\jni.cpp, line 709]
Event: 0.283 Thread 0x0000000057b05800 Exception <a 'java/io/FileNotFoundException'> (0x00000000e07e79f0) thrown at [C:\workspace\8-2-build-windows-amd64-cygwin\jdk8u65\4987\hotspot\src\share\vm\prims\jni.cpp, line 709]
Event: 0.287 Thread 0x0000000057b05800 Exception <a 'java/io/FileNotFoundException'> (0x00000000e07fdde8) thrown at [C:\workspace\8-2-build-windows-amd64-cygwin\jdk8u65\4987\hotspot\src\share\vm\prims\jni.cpp, line 709]

Events (10 events):
Event: 0.294 loading class java/io/DataOutput done
Event: 0.294 loading class java/io/DataInput
Event: 0.294 loading class java/io/DataInput done
Event: 0.294 loading class java/io/RandomAccessFile done
Event: 0.295 loading class gnu/io/UnSupportedLoggerException
Event: 0.295 loading class gnu/io/UnSupportedLoggerException done
Event: 0.295 loading class java/lang/NumberFormatException
Event: 0.296 loading class java/lang/NumberFormatException done
Event: 0.297 loading class java/lang/IndexOutOfBoundsException
Event: 0.297 loading class java/lang/IndexOutOfBoundsException done


Dynamic libraries:
0x000000013fa00000 - 0x000000013fa37000 	C:\Program Files\Java\jdk1.8.0_65\bin\java.exe
0x0000000077c80000 - 0x0000000077e29000 	C:\Windows\SYSTEM32\ntdll.dll
0x0000000077a60000 - 0x0000000077b7f000 	C:\Windows\system32\kernel32.dll
0x000007fefdc50000 - 0x000007fefdcbc000 	C:\Windows\system32\KERNELBASE.dll
0x000007feff9d0000 - 0x000007feffaab000 	C:\Windows\system32\ADVAPI32.dll
0x000007feff600000 - 0x000007feff69f000 	C:\Windows\system32\msvcrt.dll
0x000007feff950000 - 0x000007feff96f000 	C:\Windows\SYSTEM32\sechost.dll
0x000007feff450000 - 0x000007feff57d000 	C:\Windows\system32\RPCRT4.dll
0x0000000077b80000 - 0x0000000077c7a000 	C:\Windows\system32\USER32.dll
0x000007feff8e0000 - 0x000007feff947000 	C:\Windows\system32\GDI32.dll
0x000007feff440000 - 0x000007feff44e000 	C:\Windows\system32\LPK.dll
0x000007feffe70000 - 0x000007fefff39000 	C:\Windows\system32\USP10.dll
0x000007fefc3a0000 - 0x000007fefc594000 	C:\Windows\WinSxS\amd64_microsoft.windows.common-controls_6595b64144ccf1df_6.0.7601.17514_none_fa396087175ac9ac\COMCTL32.dll
0x000007feff790000 - 0x000007feff801000 	C:\Windows\system32\SHLWAPI.dll
0x000007feff8b0000 - 0x000007feff8de000 	C:\Windows\system32\IMM32.DLL
0x000007feffb50000 - 0x000007feffc59000 	C:\Windows\system32\MSCTF.dll
0x000000006f920000 - 0x000000006f9f2000 	C:\Program Files\Java\jdk1.8.0_65\jre\bin\msvcr100.dll
0x0000000064770000 - 0x0000000064ff9000 	C:\Program Files\Java\jdk1.8.0_65\jre\bin\server\jvm.dll
0x000007fefa900000 - 0x000007fefa909000 	C:\Windows\system32\WSOCK32.dll
0x000007fefff40000 - 0x000007fefff8d000 	C:\Windows\system32\WS2_32.dll
0x000007feff780000 - 0x000007feff788000 	C:\Windows\system32\NSI.dll
0x000007fefb060000 - 0x000007fefb09b000 	C:\Windows\system32\WINMM.dll
0x000007fefcb70000 - 0x000007fefcb7c000 	C:\Windows\system32\VERSION.dll
0x0000000077e50000 - 0x0000000077e57000 	C:\Windows\system32\PSAPI.DLL
0x00000000756c0000 - 0x00000000756cf000 	C:\Program Files\Java\jdk1.8.0_65\jre\bin\verify.dll
0x000000006fa70000 - 0x000000006fa99000 	C:\Program Files\Java\jdk1.8.0_65\jre\bin\java.dll
0x000000006fa50000 - 0x000000006fa66000 	C:\Program Files\Java\jdk1.8.0_65\jre\bin\zip.dll
0x000007fefe690000 - 0x000007feff418000 	C:\Windows\system32\SHELL32.dll
0x000007feffc60000 - 0x000007feffe63000 	C:\Windows\system32\ole32.dll
0x000007fefdaa0000 - 0x000007fefdaaf000 	C:\Windows\system32\profapi.dll
0x0000000180000000 - 0x0000000180025000 	C:\Windows\SysWOW64\rxtxSerial.dll
0x000007fef8930000 - 0x000007fef8a55000 	C:\Windows\system32\dbghelp.dll

VM Arguments:
jvm_args: -Dfile.encoding=UTF-8 -Djava.library.path=C:\Windows\SysWOW64 
java_command: trackitarduino.Main
java_class_path (initial): D:\Desarrollo\GitHub\Arduino\TrackitARDUINO\librerias\RXTXcomm.jar;D:\Desarrollo\GitHub\Arduino\TrackitARDUINO\build\classes
Launcher Type: SUN_STANDARD

Environment Variables:
PATH=C:\ProgramData\Oracle\Java\javapath;C:\Program Files (x86)\AMD APP\bin\x86_64;C:\Program Files (x86)\AMD APP\bin\x86;C:\Windows\system32;C:\Windows;C:\Windows\System32\Wbem;C:\Windows\System32\WindowsPowerShell\v1.0\;C:\Program Files\Dell\Dell Wireless WLAN Card;C:\Program Files (x86)\ATI Technologies\ATI.ACE\Core-Static;C:\Program Files (x86)\Skype\Phone\;C:\Program Files (x86)\Brackets\command;C:\Program Files\nodejs\;C:\Program Files (x86)\Microsoft VS Code\bin;C:\Users\jtarira\AppData\Local\atom\bin;C:\Users\jtarira\AppData\Roaming\npm
USERNAME=jtarira
OS=Windows_NT
PROCESSOR_IDENTIFIER=Intel64 Family 6 Model 30 Stepping 5, GenuineIntel



---------------  S Y S T E M  ---------------

OS: Windows 7 , 64 bit Build 7601 (6.1.7601.18409)

CPU:total 8 (4 cores per cpu, 2 threads per core) family 6 model 30 stepping 5, cmov, cx8, fxsr, mmx, sse, sse2, sse3, ssse3, sse4.1, sse4.2, popcnt, ht, tsc, tscinvbit

Memory: 4k page, physical 6222372k(2025264k free), swap 12442880k(7417816k free)

vm_info: Java HotSpot(TM) 64-Bit Server VM (25.65-b01) for windows-amd64 JRE (1.8.0_65-b17), built on Oct  6 2015 16:39:20 by "java_re" with MS VC++ 10.0 (VS2010)

time: Wed Oct 26 19:56:06 2016
elapsed time: 0 seconds (0d 0h 0m 0s)

