#
# A fatal error has been detected by the Java Runtime Environment:
#
#  EXCEPTION_ACCESS_VIOLATION (0xc0000005) at pc=0x0000000180008790, pid=6164, tid=6620
#
# JRE version: Java(TM) SE Runtime Environment (8.0_65-b17) (build 1.8.0_65-b17)
# Java VM: Java HotSpot(TM) 64-Bit Server VM (25.65-b01 mixed mode windows-amd64 compressed oops)
# Problematic frame:
# C  [rxtxSerial.dll+0x8790]
#
# Failed to write core dump. Minidumps are not enabled by default on client versions of Windows
#
# If you would like to submit a bug report, please visit:
#   http://bugreport.java.com/bugreport/crash.jsp
# The crash happened outside the Java Virtual Machine in native code.
# See problematic frame for where to report the bug.
#

---------------  T H R E A D  ---------------

Current thread (0x00000000579fe000):  JavaThread "Thread-2" [_thread_in_native, id=6620, stack(0x0000000059d00000,0x0000000059e00000)]

siginfo: ExceptionCode=0xc0000005, reading address 0x00000000000000f8

Registers:
RAX=0x0000000000000002, RBX=0x00000000022b5470, RCX=0x0000000000000001, RDX=0x0000000000000000
RSP=0x0000000059dfefb0, RBP=0x0000000059dff220, RSI=0x0000000057a5fd39, RDI=0x0000000000000000
R8 =0x0000000000000000, R9 =0x0000000000000000, R10=0x0000000000000075, R11=0x0000000000000002
R12=0x0000000059dff228, R13=0x000000005628ad40, R14=0x0000000059dff228, R15=0x00000000579fe000
RIP=0x0000000180008790, EFLAGS=0x0000000000010206

Top of Stack: (sp=0x0000000059dfefb0)
0x0000000059dfefb0:   00000000022b5470 0000000057a5fd30
0x0000000059dfefc0:   00000000579fe000 0000000000000009
0x0000000059dfefd0:   0000000057a5fd30 000000018000aab4
0x0000000059dfefe0:   00000000579fe1f8 0000000000000106
0x0000000059dfeff0:   000000005628ad40 0000000059dff228
0x0000000059dff000:   0000000056875560 0000000057a5fd30
0x0000000059dff010:   0000000059dff220 000000018000b7fe
0x0000000059dff020:   0000000000000008 000000005628ad40
0x0000000059dff030:   00000000579fe1f8 0000000000000000
0x0000000059dff040:   00000000579fe000 0000000000000000
0x0000000059dff050:   000040dee225850f 000000007fffffdc
0x0000000059dff060:   0000000059dff0f0 0000000000000042
0x0000000059dff070:   00000000579fe1f8 0000000000000000
0x0000000059dff080:   0000000057a5fd30 000000018000213d
0x0000000059dff090:   0000000059dff220 000000018001c0b0
0x0000000059dff0a0:   0000000000000000 0000000180000000 

Instructions: (pc=0x0000000180008790)
0x0000000180008770:   89 83 00 01 00 00 48 89 1d 73 6f 01 00 48 8b c3
0x0000000180008780:   48 8b 5c 24 30 48 8b 74 24 38 48 83 c4 20 5f c3
0x0000000180008790:   39 87 f8 00 00 00 7d 20 0f 1f 84 00 00 00 00 00
0x00000001800087a0:   48 8b 87 00 01 00 00 48 85 c0 74 0c 44 39 98 f8 


Register to memory mapping:

RAX=0x0000000000000002 is an unknown value
RBX=0x00000000022b5470 is an unknown value
RCX=0x0000000000000001 is an unknown value
RDX=0x0000000000000000 is an unknown value
RSP=0x0000000059dfefb0 is pointing into the stack for thread: 0x00000000579fe000
RBP=0x0000000059dff220 is pointing into the stack for thread: 0x00000000579fe000
RSI=0x0000000057a5fd39 is an unknown value
RDI=0x0000000000000000 is an unknown value
R8 =0x0000000000000000 is an unknown value
R9 =0x0000000000000000 is an unknown value
R10=0x0000000000000075 is an unknown value
R11=0x0000000000000002 is an unknown value
R12=0x0000000059dff228 is pointing into the stack for thread: 0x00000000579fe000
R13=0x000000005628ad40 is pointing into metadata
R14=0x0000000059dff228 is pointing into the stack for thread: 0x00000000579fe000
R15=0x00000000579fe000 is a thread


Stack: [0x0000000059d00000,0x0000000059e00000],  sp=0x0000000059dfefb0,  free space=1019k
Native frames: (J=compiled Java code, j=interpreted, Vv=VM code, C=native code)
C  [rxtxSerial.dll+0x8790]
C  [rxtxSerial.dll+0xaab4]
C  [rxtxSerial.dll+0x213d]
C  0x000000000291462b

Java frames: (J=compiled Java code, j=interpreted, Vv=VM code)
j  gnu.io.RXTXPort.open(Ljava/lang/String;)I+0
j  gnu.io.RXTXPort.<init>(Ljava/lang/String;)V+125
j  gnu.io.RXTXCommDriver.getCommPort(Ljava/lang/String;I)Lgnu/io/CommPort;+78
j  gnu.io.CommPortIdentifier.open(Ljava/lang/String;I)Lgnu/io/CommPort;+171
j  trackitarduino.Arduino.initialize()V+104
j  trackitarduino.ArduinoThread.run()V+17
v  ~StubRoutines::call_stub

---------------  P R O C E S S  ---------------

Java Threads: ( => current thread )
  0x0000000057a0b000 JavaThread "Thread-4" [_thread_in_native, id=4520, stack(0x0000000059f70000,0x000000005a070000)]
  0x0000000057af1800 JavaThread "Thread-3" [_thread_in_native, id=6604, stack(0x0000000059e10000,0x0000000059f10000)]
  0x00000000022ce000 JavaThread "DestroyJavaVM" [_thread_blocked, id=4328, stack(0x0000000002530000,0x0000000002630000)]
=>0x00000000579fe000 JavaThread "Thread-2" [_thread_in_native, id=6620, stack(0x0000000059d00000,0x0000000059e00000)]
  0x00000000579fd800 JavaThread "Thread-1" [_thread_blocked, id=3364, stack(0x00000000598d0000,0x00000000599d0000)]
  0x00000000579fc800 JavaThread "Thread-0" [_thread_blocked, id=1620, stack(0x0000000059ac0000,0x0000000059bc0000)]
  0x00000000579c2000 JavaThread "Service Thread" daemon [_thread_blocked, id=4916, stack(0x00000000592b0000,0x00000000593b0000)]
  0x000000005687d800 JavaThread "C1 CompilerThread3" daemon [_thread_blocked, id=3768, stack(0x0000000059680000,0x0000000059780000)]
  0x000000005687c000 JavaThread "C2 CompilerThread2" daemon [_thread_blocked, id=4956, stack(0x0000000059580000,0x0000000059680000)]
  0x000000005687b000 JavaThread "C2 CompilerThread1" daemon [_thread_blocked, id=3572, stack(0x00000000593b0000,0x00000000594b0000)]
  0x0000000057927800 JavaThread "C2 CompilerThread0" daemon [_thread_blocked, id=3968, stack(0x0000000058fa0000,0x00000000590a0000)]
  0x0000000057926000 JavaThread "Attach Listener" daemon [_thread_blocked, id=2284, stack(0x00000000590d0000,0x00000000591d0000)]
  0x0000000057924800 JavaThread "Signal Dispatcher" daemon [_thread_blocked, id=6580, stack(0x0000000058df0000,0x0000000058ef0000)]
  0x000000005686d000 JavaThread "Finalizer" daemon [_thread_blocked, id=6492, stack(0x0000000058cd0000,0x0000000058dd0000)]
  0x0000000056866800 JavaThread "Reference Handler" daemon [_thread_blocked, id=6584, stack(0x0000000058af0000,0x0000000058bf0000)]

Other Threads:
  0x00000000578d3000 VMThread [stack: 0x0000000058820000,0x0000000058920000] [id=1116]
  0x00000000579d9000 WatcherThread [stack: 0x00000000597d0000,0x00000000598d0000] [id=7100]

VM state:not at safepoint (normal execution)

VM Mutex/Monitor currently owned by a thread: None

Heap:
 PSYoungGen      total 28672K, used 4424K [0x00000000e0580000, 0x00000000e2580000, 0x0000000100000000)
  eden space 24576K, 18% used [0x00000000e0580000,0x00000000e09d2140,0x00000000e1d80000)
  from space 4096K, 0% used [0x00000000e2180000,0x00000000e2180000,0x00000000e2580000)
  to   space 4096K, 0% used [0x00000000e1d80000,0x00000000e1d80000,0x00000000e2180000)
 ParOldGen       total 65536K, used 0K [0x00000000a1000000, 0x00000000a5000000, 0x00000000e0580000)
  object space 65536K, 0% used [0x00000000a1000000,0x00000000a1000000,0x00000000a5000000)
 Metaspace       used 2978K, capacity 4664K, committed 4864K, reserved 1056768K
  class space    used 326K, capacity 424K, committed 512K, reserved 1048576K

Card table byte_map: [0x0000000011cc0000,0x0000000011fc0000] byte_map_base: 0x00000000117b8000

Marking Bits: (ParMarkBitMap*) 0x00000000641ea5b0
 Begin Bits: [0x0000000012c00000, 0x00000000143c0000)
 End Bits:   [0x00000000143c0000, 0x0000000015b80000)

Polling page: 0x0000000001c60000

CodeCache: size=245760Kb used=1208Kb max_used=1219Kb free=244551Kb
 bounds [0x0000000002900000, 0x0000000002b70000, 0x0000000011900000]
 total_blobs=310 nmethods=76 adapters=148
 compilation: enabled

Compilation events (10 events):
Event: 0.158 Thread 0x000000005687d800   54       1       sun.util.locale.BaseLocale::getLanguage (5 bytes)
Event: 0.158 Thread 0x000000005687d800 nmethod 54 0x0000000002a22410 code [0x0000000002a22560, 0x0000000002a22670]
Event: 0.161 Thread 0x0000000057927800   70       4       java.util.Arrays::copyOfRange (63 bytes)
Event: 0.164 Thread 0x0000000057927800 nmethod 70 0x0000000002a29250 code [0x0000000002a293a0, 0x0000000002a295b8]
Event: 0.164 Thread 0x000000005687c000   71       4       java.lang.String::<init> (82 bytes)
Event: 0.164 Thread 0x000000005687b000   72       4       java.lang.String::toLowerCase (439 bytes)
Event: 0.166 Thread 0x000000005687d800   74  s!   3       sun.misc.URLClassPath::getLoader (197 bytes)
Event: 0.168 Thread 0x000000005687c000 nmethod 71 0x0000000002a27790 code [0x0000000002a278e0, 0x0000000002a27b78]
Event: 0.170 Thread 0x000000005687d800 nmethod 74 0x0000000002a2b090 code [0x0000000002a2b460, 0x0000000002a2db38]
Event: 0.170 Thread 0x000000005687d800   73  s    3       sun.misc.URLClassPath::getNextLoader (88 bytes)

GC Heap History (0 events):
No events

Deoptimization events (0 events):
No events

Internal exceptions (10 events):
Event: 0.063 Thread 0x00000000022ce000 Exception <a 'java/lang/NoSuchMethodError': Method sun.misc.Unsafe.defineClass(Ljava/lang/String;[BII)Ljava/lang/Class; name or signature does not match> (0x00000000e058cd58) thrown at [C:\workspace\8-2-build-windows-amd64-cygwin\jdk8u65\4987\hotspot\src\sBÞíÁ °?
Event: 0.063 Thread 0x00000000022ce000 Exception <a 'java/lang/NoSuchMethodError': Method sun.misc.Unsafe.prefetchRead(Ljava/lang/Object;J)V name or signature does not match> (0x00000000e058d040) thrown at [C:\workspace\8-2-build-windows-amd64-cygwin\jdk8u65\4987\hotspot\src\share\vm\prims\jni.«‰^='úÂ?
Event: 0.148 Thread 0x00000000579fc800 Exception <a 'java/io/FileNotFoundException'> (0x00000000e072b2e8) thrown at [C:\workspace\8-2-build-windows-amd64-cygwin\jdk8u65\4987\hotspot\src\share\vm\prims\jni.cpp, line 709]
Event: 0.153 Thread 0x00000000579fc800 Exception <a 'java/io/FileNotFoundException'> (0x00000000e0741d80) thrown at [C:\workspace\8-2-build-windows-amd64-cygwin\jdk8u65\4987\hotspot\src\share\vm\prims\jni.cpp, line 709]
Event: 0.155 Thread 0x00000000579fc800 Exception <a 'java/io/FileNotFoundException'> (0x00000000e0752160) thrown at [C:\workspace\8-2-build-windows-amd64-cygwin\jdk8u65\4987\hotspot\src\share\vm\prims\jni.cpp, line 709]
Event: 0.158 Thread 0x00000000579fc800 Exception <a 'java/io/FileNotFoundException'> (0x00000000e0768588) thrown at [C:\workspace\8-2-build-windows-amd64-cygwin\jdk8u65\4987\hotspot\src\share\vm\prims\jni.cpp, line 709]
Event: 0.159 Thread 0x00000000579fe000 Exception <a 'java/io/FileNotFoundException'> (0x00000000e07e7450) thrown at [C:\workspace\8-2-build-windows-amd64-cygwin\jdk8u65\4987\hotspot\src\share\vm\prims\jni.cpp, line 709]
Event: 0.161 Thread 0x00000000579fe000 Exception <a 'java/io/FileNotFoundException'> (0x00000000e07fd878) thrown at [C:\workspace\8-2-build-windows-amd64-cygwin\jdk8u65\4987\hotspot\src\share\vm\prims\jni.cpp, line 709]
Event: 0.161 Thread 0x00000000579fd800 Exception <a 'java/io/FileNotFoundException'> (0x00000000e076c648) thrown at [C:\workspace\8-2-build-windows-amd64-cygwin\jdk8u65\4987\hotspot\src\share\vm\prims\jni.cpp, line 709]
Event: 0.164 Thread 0x00000000579fd800 Exception <a 'java/io/FileNotFoundException'> (0x00000000e0782a70) thrown at [C:\workspace\8-2-build-windows-amd64-cygwin\jdk8u65\4987\hotspot\src\share\vm\prims\jni.cpp, line 709]

Events (10 events):
Event: 0.168 loading class java/io/DataOutput done
Event: 0.168 loading class java/io/DataInput
Event: 0.168 loading class java/io/DataInput done
Event: 0.168 loading class java/io/RandomAccessFile done
Event: 0.168 loading class gnu/io/UnSupportedLoggerException
Event: 0.168 loading class gnu/io/UnSupportedLoggerException done
Event: 0.169 loading class java/lang/NumberFormatException
Event: 0.169 loading class java/lang/NumberFormatException done
Event: 0.170 loading class java/lang/IndexOutOfBoundsException
Event: 0.170 loading class java/lang/IndexOutOfBoundsException done


Dynamic libraries:
0x000000013f740000 - 0x000000013f777000 	C:\Program Files\Java\jdk1.8.0_65\bin\java.exe
0x0000000076ed0000 - 0x0000000077079000 	C:\Windows\SYSTEM32\ntdll.dll
0x0000000076db0000 - 0x0000000076ecf000 	C:\Windows\system32\kernel32.dll
0x000007fefceb0000 - 0x000007fefcf1c000 	C:\Windows\system32\KERNELBASE.dll
0x000007fefefd0000 - 0x000007feff0ab000 	C:\Windows\system32\ADVAPI32.dll
0x000007fefd3c0000 - 0x000007fefd45f000 	C:\Windows\system32\msvcrt.dll
0x000007fefd460000 - 0x000007fefd47f000 	C:\Windows\SYSTEM32\sechost.dll
0x000007feff0b0000 - 0x000007feff1dd000 	C:\Windows\system32\RPCRT4.dll
0x0000000076cb0000 - 0x0000000076daa000 	C:\Windows\system32\USER32.dll
0x000007fefd850000 - 0x000007fefd8b7000 	C:\Windows\system32\GDI32.dll
0x000007fefdaf0000 - 0x000007fefdafe000 	C:\Windows\system32\LPK.dll
0x000007fefd210000 - 0x000007fefd2d9000 	C:\Windows\system32\USP10.dll
0x000007fefb5f0000 - 0x000007fefb7e4000 	C:\Windows\WinSxS\amd64_microsoft.windows.common-controls_6595b64144ccf1df_6.0.7601.17514_none_fa396087175ac9ac\COMCTL32.dll
0x000007fefd2e0000 - 0x000007fefd351000 	C:\Windows\system32\SHLWAPI.dll
0x000007fefd4d0000 - 0x000007fefd4fe000 	C:\Windows\system32\IMM32.DLL
0x000007fefd740000 - 0x000007fefd849000 	C:\Windows\system32\MSCTF.dll
0x0000000068450000 - 0x0000000068522000 	C:\Program Files\Java\jdk1.8.0_65\jre\bin\msvcr100.dll
0x00000000639e0000 - 0x0000000064269000 	C:\Program Files\Java\jdk1.8.0_65\jre\bin\server\jvm.dll
0x000007fefae50000 - 0x000007fefae59000 	C:\Windows\system32\WSOCK32.dll
0x000007fefd480000 - 0x000007fefd4cd000 	C:\Windows\system32\WS2_32.dll
0x000007fefefc0000 - 0x000007fefefc8000 	C:\Windows\system32\NSI.dll
0x000007fef9690000 - 0x000007fef96cb000 	C:\Windows\system32\WINMM.dll
0x000007fefbdc0000 - 0x000007fefbdcc000 	C:\Windows\system32\VERSION.dll
0x0000000077090000 - 0x0000000077097000 	C:\Windows\system32\PSAPI.DLL
0x0000000074570000 - 0x000000007457f000 	C:\Program Files\Java\jdk1.8.0_65\jre\bin\verify.dll
0x00000000724a0000 - 0x00000000724c9000 	C:\Program Files\Java\jdk1.8.0_65\jre\bin\java.dll
0x0000000072550000 - 0x0000000072566000 	C:\Program Files\Java\jdk1.8.0_65\jre\bin\zip.dll
0x000007fefdb00000 - 0x000007fefe888000 	C:\Windows\system32\SHELL32.dll
0x000007fefd8e0000 - 0x000007fefdae3000 	C:\Windows\system32\ole32.dll
0x000007fefccf0000 - 0x000007fefccff000 	C:\Windows\system32\profapi.dll
0x0000000180000000 - 0x0000000180025000 	C:\Windows\SysWOW64\rxtxSerial.dll
0x000007fef7cf0000 - 0x000007fef7e15000 	C:\Windows\system32\dbghelp.dll

VM Arguments:
jvm_args: -Dfile.encoding=UTF-8 -Djava.library.path=C:\Windows\SysWOW64 
java_command: trackitarduino.Main
java_class_path (initial): D:\Desarrollo\GitHub\Arduino\TrackitARDUINO\librerias\RXTXcomm.jar;D:\Desarrollo\GitHub\Arduino\TrackitARDUINO\librerias\json-simple-1.1.1.jar;D:\Desarrollo\GitHub\Arduino\TrackitARDUINO\librerias\org.json.jar;D:\Desarrollo\GitHub\Arduino\TrackitARDUINO\build\classes
Launcher Type: SUN_STANDARD

Environment Variables:
PATH=C:\ProgramData\Oracle\Java\javapath;C:\Program Files (x86)\AMD APP\bin\x86_64;C:\Program Files (x86)\AMD APP\bin\x86;C:\Windows\system32;C:\Windows;C:\Windows\System32\Wbem;C:\Windows\System32\WindowsPowerShell\v1.0\;C:\Program Files\Dell\Dell Wireless WLAN Card;C:\Program Files (x86)\ATI Technologies\ATI.ACE\Core-Static;C:\Program Files (x86)\Skype\Phone\;C:\Program Files (x86)\Brackets\command;C:\Program Files\nodejs\;C:\Users\jtarira\AppData\Local\atom\bin;C:\Users\jtarira\AppData\Roaming\npm
USERNAME=jtarira
OS=Windows_NT
PROCESSOR_IDENTIFIER=Intel64 Family 6 Model 30 Stepping 5, GenuineIntel



---------------  S Y S T E M  ---------------

OS: Windows 7 , 64 bit Build 7601 (6.1.7601.18409)

CPU:total 8 (4 cores per cpu, 2 threads per core) family 6 model 30 stepping 5, cmov, cx8, fxsr, mmx, sse, sse2, sse3, ssse3, sse4.1, sse4.2, popcnt, ht, tsc, tscinvbit

Memory: 4k page, physical 6222372k(2346984k free), swap 12442880k(7760960k free)

vm_info: Java HotSpot(TM) 64-Bit Server VM (25.65-b01) for windows-amd64 JRE (1.8.0_65-b17), built on Oct  6 2015 16:39:20 by "java_re" with MS VC++ 10.0 (VS2010)

time: Thu Nov 17 09:22:25 2016
elapsed time: 0 seconds (0d 0h 0m 0s)

