#
# A fatal error has been detected by the Java Runtime Environment:
#
#  EXCEPTION_ACCESS_VIOLATION (0xc0000005) at pc=0x0000000180008790, pid=7192, tid=6912
#
# JRE version: Java(TM) SE Runtime Environment (8.0_65-b17) (build 1.8.0_65-b17)
# Java VM: Java HotSpot(TM) 64-Bit Server VM (25.65-b01 mixed mode windows-amd64 compressed oops)
# Problematic frame:
# C  [rxtxSerial.dll+0x8790]
#
# Failed to write core dump. Minidumps are not enabled by default on client versions of Windows
#
# If you would like to submit a bug report, please visit:
#   http://bugreport.java.com/bugreport/crash.jsp
# The crash happened outside the Java Virtual Machine in native code.
# See problematic frame for where to report the bug.
#

---------------  T H R E A D  ---------------

Current thread (0x0000000057a07800):  JavaThread "Thread-0" [_thread_in_native, id=6912, stack(0x0000000059b20000,0x0000000059c20000)]

siginfo: ExceptionCode=0xc0000005, reading address 0x00000000000000f8

Registers:
RAX=0x0000000000000002, RBX=0x0000000001cc5250, RCX=0x0000000000000001, RDX=0x0000000000000000
RSP=0x0000000059c1ec70, RBP=0x0000000059c1eee0, RSI=0x0000000057a16909, RDI=0x0000000000000000
R8 =0x0000000000000000, R9 =0x0000000000000000, R10=0x0000000000000003, R11=0x0000000000000002
R12=0x0000000059c1eee8, R13=0x00000000563aad40, R14=0x0000000059c1eee8, R15=0x0000000057a07800
RIP=0x0000000180008790, EFLAGS=0x0000000000010202

Top of Stack: (sp=0x0000000059c1ec70)
0x0000000059c1ec70:   0000000001cc5250 0000000057a16900
0x0000000059c1ec80:   0000000057a07800 0000000000000009
0x0000000059c1ec90:   0000000057a16900 000000018000aab4
0x0000000059c1eca0:   0000000057a079f8 0000000000000106
0x0000000059c1ecb0:   00000000563aad40 0000000059c1eee8
0x0000000059c1ecc0:   0000000056994630 0000000057a16900
0x0000000059c1ecd0:   0000000059c1eee0 000000018000b7fe
0x0000000059c1ece0:   0000000000000008 00000000563aad40
0x0000000059c1ecf0:   0000000057a079f8 0000000000000000
0x0000000059c1ed00:   0000000057a07800 0000000000000000
0x0000000059c1ed10:   0000300d98b49fc5 000000007fffffdc
0x0000000059c1ed20:   0000000059c1edb0 0000000000000042
0x0000000059c1ed30:   0000000057a079f8 0000000000000000
0x0000000059c1ed40:   0000000057a16900 000000018000213d
0x0000000059c1ed50:   0000000059c1eee0 000000018001c0b0
0x0000000059c1ed60:   0000000000000000 0000000180000000 

Instructions: (pc=0x0000000180008790)
0x0000000180008770:   89 83 00 01 00 00 48 89 1d 73 6f 01 00 48 8b c3
0x0000000180008780:   48 8b 5c 24 30 48 8b 74 24 38 48 83 c4 20 5f c3
0x0000000180008790:   39 87 f8 00 00 00 7d 20 0f 1f 84 00 00 00 00 00
0x00000001800087a0:   48 8b 87 00 01 00 00 48 85 c0 74 0c 44 39 98 f8 


Register to memory mapping:

RAX=0x0000000000000002 is an unknown value
RBX=0x0000000001cc5250 is an unknown value
RCX=0x0000000000000001 is an unknown value
RDX=0x0000000000000000 is an unknown value
RSP=0x0000000059c1ec70 is pointing into the stack for thread: 0x0000000057a07800
RBP=0x0000000059c1eee0 is pointing into the stack for thread: 0x0000000057a07800
RSI=0x0000000057a16909 is an unknown value
RDI=0x0000000000000000 is an unknown value
R8 =0x0000000000000000 is an unknown value
R9 =0x0000000000000000 is an unknown value
R10=0x0000000000000003 is an unknown value
R11=0x0000000000000002 is an unknown value
R12=0x0000000059c1eee8 is pointing into the stack for thread: 0x0000000057a07800
R13=0x00000000563aad40 is pointing into metadata
R14=0x0000000059c1eee8 is pointing into the stack for thread: 0x0000000057a07800
R15=0x0000000057a07800 is a thread


Stack: [0x0000000059b20000,0x0000000059c20000],  sp=0x0000000059c1ec70,  free space=1019k
Native frames: (J=compiled Java code, j=interpreted, Vv=VM code, C=native code)
C  [rxtxSerial.dll+0x8790]
C  [rxtxSerial.dll+0xaab4]
C  [rxtxSerial.dll+0x213d]
C  0x000000000295462b

Java frames: (J=compiled Java code, j=interpreted, Vv=VM code)
j  gnu.io.RXTXPort.open(Ljava/lang/String;)I+0
j  gnu.io.RXTXPort.<init>(Ljava/lang/String;)V+125
j  gnu.io.RXTXCommDriver.getCommPort(Ljava/lang/String;I)Lgnu/io/CommPort;+78
j  gnu.io.CommPortIdentifier.open(Ljava/lang/String;I)Lgnu/io/CommPort;+171
j  trackitarduino.Arduino.initialize()V+104
j  trackitarduino.ArduinoThread.run()V+17
v  ~StubRoutines::call_stub

---------------  P R O C E S S  ---------------

Java Threads: ( => current thread )
  0x0000000057a17800 JavaThread "Thread-2" [_thread_in_native, id=7316, stack(0x0000000059f50000,0x000000005a050000)]
  0x00000000021ae000 JavaThread "DestroyJavaVM" [_thread_blocked, id=7472, stack(0x0000000002570000,0x0000000002670000)]
  0x0000000057a08800 JavaThread "Thread-1" [_thread_in_native, id=6908, stack(0x0000000059cb0000,0x0000000059db0000)]
=>0x0000000057a07800 JavaThread "Thread-0" [_thread_in_native, id=6912, stack(0x0000000059b20000,0x0000000059c20000)]
  0x00000000579cb800 JavaThread "Service Thread" daemon [_thread_blocked, id=456, stack(0x00000000597e0000,0x00000000598e0000)]
  0x0000000057944000 JavaThread "C1 CompilerThread3" daemon [_thread_blocked, id=4144, stack(0x00000000595e0000,0x00000000596e0000)]
  0x0000000057942800 JavaThread "C2 CompilerThread2" daemon [_thread_blocked, id=7400, stack(0x00000000593f0000,0x00000000594f0000)]
  0x0000000057939000 JavaThread "C2 CompilerThread1" daemon [_thread_blocked, id=5264, stack(0x00000000592f0000,0x00000000593f0000)]
  0x000000005792f800 JavaThread "C2 CompilerThread0" daemon [_thread_blocked, id=7212, stack(0x00000000591d0000,0x00000000592d0000)]
  0x000000005792e000 JavaThread "Attach Listener" daemon [_thread_blocked, id=7216, stack(0x00000000590c0000,0x00000000591c0000)]
  0x000000005792c000 JavaThread "Signal Dispatcher" daemon [_thread_blocked, id=7196, stack(0x0000000058ef0000,0x0000000058ff0000)]
  0x000000005698c000 JavaThread "Finalizer" daemon [_thread_blocked, id=5228, stack(0x0000000058d60000,0x0000000058e60000)]
  0x0000000056985000 JavaThread "Reference Handler" daemon [_thread_blocked, id=6816, stack(0x0000000058c00000,0x0000000058d00000)]

Other Threads:
  0x00000000578e1800 VMThread [stack: 0x00000000589a0000,0x0000000058aa0000] [id=6900]
  0x00000000579e4800 WatcherThread [stack: 0x0000000059980000,0x0000000059a80000] [id=6220]

VM state:not at safepoint (normal execution)

VM Mutex/Monitor currently owned by a thread: None

Heap:
 PSYoungGen      total 28672K, used 3932K [0x00000000e0580000, 0x00000000e2580000, 0x0000000100000000)
  eden space 24576K, 16% used [0x00000000e0580000,0x00000000e0957318,0x00000000e1d80000)
  from space 4096K, 0% used [0x00000000e2180000,0x00000000e2180000,0x00000000e2580000)
  to   space 4096K, 0% used [0x00000000e1d80000,0x00000000e1d80000,0x00000000e2180000)
 ParOldGen       total 65536K, used 0K [0x00000000a1000000, 0x00000000a5000000, 0x00000000e0580000)
  object space 65536K, 0% used [0x00000000a1000000,0x00000000a1000000,0x00000000a5000000)
 Metaspace       used 2978K, capacity 4664K, committed 4864K, reserved 1056768K
  class space    used 326K, capacity 424K, committed 512K, reserved 1048576K

Card table byte_map: [0x0000000011d00000,0x0000000012000000] byte_map_base: 0x00000000117f8000

Marking Bits: (ParMarkBitMap*) 0x0000000064f7a5b0
 Begin Bits: [0x0000000012d20000, 0x00000000144e0000)
 End Bits:   [0x00000000144e0000, 0x0000000015ca0000)

Polling page: 0x0000000001c60000

CodeCache: size=245760Kb used=1204Kb max_used=1204Kb free=244555Kb
 bounds [0x0000000002940000, 0x0000000002bb0000, 0x0000000011940000]
 total_blobs=311 nmethods=77 adapters=148
 compilation: enabled

Compilation events (10 events):
Event: 0.287 Thread 0x0000000057944000   71       3       java.lang.String::indexOf (7 bytes)
Event: 0.287 Thread 0x0000000057944000 nmethod 71 0x0000000002a66a10 code [0x0000000002a66b80, 0x0000000002a66e08]
Event: 0.290 Thread 0x000000005792f800   73       4       java.util.Arrays::copyOfRange (63 bytes)
Event: 0.294 Thread 0x0000000057944000   75  s!   3       sun.misc.URLClassPath::getLoader (197 bytes)
Event: 0.297 Thread 0x000000005792f800 nmethod 73 0x0000000002a69d90 code [0x0000000002a69ee0, 0x0000000002a6a0f8]
Event: 0.300 Thread 0x0000000057944000 nmethod 75 0x0000000002a6a250 code [0x0000000002a6a620, 0x0000000002a6ccf8]
Event: 0.300 Thread 0x0000000057944000   74  s    3       sun.misc.URLClassPath::getNextLoader (88 bytes)
Event: 0.301 Thread 0x0000000057944000 nmethod 74 0x0000000002a68f10 code [0x0000000002a690e0, 0x0000000002a69928]
Event: 0.301 Thread 0x0000000057944000   76       3       java.util.ArrayList::get (11 bytes)
Event: 0.301 Thread 0x0000000057944000 nmethod 76 0x0000000002a687d0 code [0x0000000002a68960, 0x0000000002a68cd8]

GC Heap History (0 events):
No events

Deoptimization events (0 events):
No events

Internal exceptions (8 events):
Event: 0.091 Thread 0x00000000021ae000 Exception <a 'java/lang/NoSuchMethodError': Method sun.misc.Unsafe.defineClass(Ljava/lang/String;[BII)Ljava/lang/Class; name or signature does not match> (0x00000000e058cd58) thrown at [C:\workspace\8-2-build-windows-amd64-cygwin\jdk8u65\4987\hotspot\src\s?„ÂçOD·?
Event: 0.091 Thread 0x00000000021ae000 Exception <a 'java/lang/NoSuchMethodError': Method sun.misc.Unsafe.prefetchRead(Ljava/lang/Object;J)V name or signature does not match> (0x00000000e058d040) thrown at [C:\workspace\8-2-build-windows-amd64-cygwin\jdk8u65\4987\hotspot\src\share\vm\prims\jni.-« ßÑ?
Event: 0.267 Thread 0x0000000057a08800 Exception <a 'java/io/FileNotFoundException'> (0x00000000e0821098) thrown at [C:\workspace\8-2-build-windows-amd64-cygwin\jdk8u65\4987\hotspot\src\share\vm\prims\jni.cpp, line 709]
Event: 0.277 Thread 0x0000000057a08800 Exception <a 'java/io/FileNotFoundException'> (0x00000000e0837b00) thrown at [C:\workspace\8-2-build-windows-amd64-cygwin\jdk8u65\4987\hotspot\src\share\vm\prims\jni.cpp, line 709]
Event: 0.280 Thread 0x0000000057a08800 Exception <a 'java/io/FileNotFoundException'> (0x00000000e0847ec0) thrown at [C:\workspace\8-2-build-windows-amd64-cygwin\jdk8u65\4987\hotspot\src\share\vm\prims\jni.cpp, line 709]
Event: 0.285 Thread 0x0000000057a08800 Exception <a 'java/io/FileNotFoundException'> (0x00000000e085e2b8) thrown at [C:\workspace\8-2-build-windows-amd64-cygwin\jdk8u65\4987\hotspot\src\share\vm\prims\jni.cpp, line 709]
Event: 0.286 Thread 0x0000000057a07800 Exception <a 'java/io/FileNotFoundException'> (0x00000000e06f17e0) thrown at [C:\workspace\8-2-build-windows-amd64-cygwin\jdk8u65\4987\hotspot\src\share\vm\prims\jni.cpp, line 709]
Event: 0.290 Thread 0x0000000057a07800 Exception <a 'java/io/FileNotFoundException'> (0x00000000e0707bd8) thrown at [C:\workspace\8-2-build-windows-amd64-cygwin\jdk8u65\4987\hotspot\src\share\vm\prims\jni.cpp, line 709]

Events (10 events):
Event: 0.297 loading class java/io/DataOutput done
Event: 0.297 loading class java/io/DataInput
Event: 0.298 loading class java/io/DataInput done
Event: 0.298 loading class java/io/RandomAccessFile done
Event: 0.298 loading class gnu/io/UnSupportedLoggerException
Event: 0.298 loading class gnu/io/UnSupportedLoggerException done
Event: 0.299 loading class java/lang/NumberFormatException
Event: 0.299 loading class java/lang/NumberFormatException done
Event: 0.300 loading class java/lang/IndexOutOfBoundsException
Event: 0.300 loading class java/lang/IndexOutOfBoundsException done


Dynamic libraries:
0x000000013fa00000 - 0x000000013fa37000 	C:\Program Files\Java\jdk1.8.0_65\bin\java.exe
0x0000000077c80000 - 0x0000000077e29000 	C:\Windows\SYSTEM32\ntdll.dll
0x0000000077a60000 - 0x0000000077b7f000 	C:\Windows\system32\kernel32.dll
0x000007fefdc50000 - 0x000007fefdcbc000 	C:\Windows\system32\KERNELBASE.dll
0x000007feff9d0000 - 0x000007feffaab000 	C:\Windows\system32\ADVAPI32.dll
0x000007feff600000 - 0x000007feff69f000 	C:\Windows\system32\msvcrt.dll
0x000007feff950000 - 0x000007feff96f000 	C:\Windows\SYSTEM32\sechost.dll
0x000007feff450000 - 0x000007feff57d000 	C:\Windows\system32\RPCRT4.dll
0x0000000077b80000 - 0x0000000077c7a000 	C:\Windows\system32\USER32.dll
0x000007feff8e0000 - 0x000007feff947000 	C:\Windows\system32\GDI32.dll
0x000007feff440000 - 0x000007feff44e000 	C:\Windows\system32\LPK.dll
0x000007feffe70000 - 0x000007fefff39000 	C:\Windows\system32\USP10.dll
0x000007fefc3a0000 - 0x000007fefc594000 	C:\Windows\WinSxS\amd64_microsoft.windows.common-controls_6595b64144ccf1df_6.0.7601.17514_none_fa396087175ac9ac\COMCTL32.dll
0x000007feff790000 - 0x000007feff801000 	C:\Windows\system32\SHLWAPI.dll
0x000007feff8b0000 - 0x000007feff8de000 	C:\Windows\system32\IMM32.DLL
0x000007feffb50000 - 0x000007feffc59000 	C:\Windows\system32\MSCTF.dll
0x000000006f920000 - 0x000000006f9f2000 	C:\Program Files\Java\jdk1.8.0_65\jre\bin\msvcr100.dll
0x0000000064770000 - 0x0000000064ff9000 	C:\Program Files\Java\jdk1.8.0_65\jre\bin\server\jvm.dll
0x000007fefa900000 - 0x000007fefa909000 	C:\Windows\system32\WSOCK32.dll
0x000007fefff40000 - 0x000007fefff8d000 	C:\Windows\system32\WS2_32.dll
0x000007feff780000 - 0x000007feff788000 	C:\Windows\system32\NSI.dll
0x000007fefb060000 - 0x000007fefb09b000 	C:\Windows\system32\WINMM.dll
0x000007fefcb70000 - 0x000007fefcb7c000 	C:\Windows\system32\VERSION.dll
0x0000000077e50000 - 0x0000000077e57000 	C:\Windows\system32\PSAPI.DLL
0x00000000756c0000 - 0x00000000756cf000 	C:\Program Files\Java\jdk1.8.0_65\jre\bin\verify.dll
0x000000006fa70000 - 0x000000006fa99000 	C:\Program Files\Java\jdk1.8.0_65\jre\bin\java.dll
0x000000006fa50000 - 0x000000006fa66000 	C:\Program Files\Java\jdk1.8.0_65\jre\bin\zip.dll
0x000007fefe690000 - 0x000007feff418000 	C:\Windows\system32\SHELL32.dll
0x000007feffc60000 - 0x000007feffe63000 	C:\Windows\system32\ole32.dll
0x000007fefdaa0000 - 0x000007fefdaaf000 	C:\Windows\system32\profapi.dll
0x0000000180000000 - 0x0000000180025000 	C:\Windows\SysWOW64\rxtxSerial.dll
0x000007fef8930000 - 0x000007fef8a55000 	C:\Windows\system32\dbghelp.dll

VM Arguments:
jvm_args: -Dfile.encoding=UTF-8 -Djava.library.path=C:\Windows\SysWOW64 
java_command: trackitarduino.Main
java_class_path (initial): D:\Desarrollo\GitHub\Arduino\TrackitARDUINO\librerias\RXTXcomm.jar;D:\Desarrollo\GitHub\Arduino\TrackitARDUINO\librerias\json-simple-1.1.1.jar;D:\Desarrollo\GitHub\Arduino\TrackitARDUINO\librerias\org.json.jar;D:\Desarrollo\GitHub\Arduino\TrackitARDUINO\build\classes
Launcher Type: SUN_STANDARD

Environment Variables:
PATH=C:\ProgramData\Oracle\Java\javapath;C:\Program Files (x86)\AMD APP\bin\x86_64;C:\Program Files (x86)\AMD APP\bin\x86;C:\Windows\system32;C:\Windows;C:\Windows\System32\Wbem;C:\Windows\System32\WindowsPowerShell\v1.0\;C:\Program Files\Dell\Dell Wireless WLAN Card;C:\Program Files (x86)\ATI Technologies\ATI.ACE\Core-Static;C:\Program Files (x86)\Skype\Phone\;C:\Program Files (x86)\Brackets\command;C:\Program Files\nodejs\;C:\Program Files (x86)\Microsoft VS Code\bin;C:\Users\jtarira\AppData\Local\atom\bin;C:\Users\jtarira\AppData\Roaming\npm
USERNAME=jtarira
OS=Windows_NT
PROCESSOR_IDENTIFIER=Intel64 Family 6 Model 30 Stepping 5, GenuineIntel



---------------  S Y S T E M  ---------------

OS: Windows 7 , 64 bit Build 7601 (6.1.7601.18409)

CPU:total 8 (4 cores per cpu, 2 threads per core) family 6 model 30 stepping 5, cmov, cx8, fxsr, mmx, sse, sse2, sse3, ssse3, sse4.1, sse4.2, popcnt, ht, tsc, tscinvbit

Memory: 4k page, physical 6222372k(1427984k free), swap 12442880k(6766628k free)

vm_info: Java HotSpot(TM) 64-Bit Server VM (25.65-b01) for windows-amd64 JRE (1.8.0_65-b17), built on Oct  6 2015 16:39:20 by "java_re" with MS VC++ 10.0 (VS2010)

time: Wed Oct 26 23:18:59 2016
elapsed time: 0 seconds (0d 0h 0m 0s)

