#
# A fatal error has been detected by the Java Runtime Environment:
#
#  EXCEPTION_ACCESS_VIOLATION (0xc0000005) at pc=0x0000000180008790, pid=6188, tid=5756
#
# JRE version: Java(TM) SE Runtime Environment (8.0_65-b17) (build 1.8.0_65-b17)
# Java VM: Java HotSpot(TM) 64-Bit Server VM (25.65-b01 mixed mode windows-amd64 compressed oops)
# Problematic frame:
# C  [rxtxSerial.dll+0x8790]
#
# Failed to write core dump. Minidumps are not enabled by default on client versions of Windows
#
# If you would like to submit a bug report, please visit:
#   http://bugreport.java.com/bugreport/crash.jsp
# The crash happened outside the Java Virtual Machine in native code.
# See problematic frame for where to report the bug.
#

---------------  T H R E A D  ---------------

Current thread (0x0000000057a30000):  JavaThread "Thread-1" [_thread_in_native, id=5756, stack(0x00000000598f0000,0x00000000599f0000)]

siginfo: ExceptionCode=0xc0000005, reading address 0x00000000000000f8

Registers:
RAX=0x0000000000000002, RBX=0x0000000059e45250, RCX=0x0000000000000001, RDX=0x0000000000000000
RSP=0x00000000599ef1f0, RBP=0x00000000599ef460, RSI=0x0000000057a403a9, RDI=0x0000000000000000
R8 =0x0000000000000000, R9 =0x0000000000000000, R10=0x000000000000003f, R11=0x0000000000000002
R12=0x00000000599ef468, R13=0x00000000564ead40, R14=0x00000000599ef468, R15=0x0000000057a30000
RIP=0x0000000180008790, EFLAGS=0x0000000000010202

Top of Stack: (sp=0x00000000599ef1f0)
0x00000000599ef1f0:   0000000059e45250 0000000057a403a0
0x00000000599ef200:   0000000057a30000 0000000000000009
0x00000000599ef210:   0000000057a403a0 000000018000aab4
0x00000000599ef220:   0000000057a301f8 0000000000000106
0x00000000599ef230:   00000000564ead40 00000000599ef468
0x00000000599ef240:   0000000056ad6960 0000000057a403a0
0x00000000599ef250:   00000000599ef460 000000018000b7fe
0x00000000599ef260:   0000000000000008 00000000564ead40
0x00000000599ef270:   0000000057a301f8 0000000000000000
0x00000000599ef280:   0000000057a30000 0000000000000000
0x00000000599ef290:   000040693b0d9181 000000007fffffdc
0x00000000599ef2a0:   00000000599ef330 0000000000000042
0x00000000599ef2b0:   0000000057a301f8 0000000000000000
0x00000000599ef2c0:   0000000057a403a0 000000018000213d
0x00000000599ef2d0:   00000000599ef460 000000018001c0b0
0x00000000599ef2e0:   0000000000000000 0000000180000000 

Instructions: (pc=0x0000000180008790)
0x0000000180008770:   89 83 00 01 00 00 48 89 1d 73 6f 01 00 48 8b c3
0x0000000180008780:   48 8b 5c 24 30 48 8b 74 24 38 48 83 c4 20 5f c3
0x0000000180008790:   39 87 f8 00 00 00 7d 20 0f 1f 84 00 00 00 00 00
0x00000001800087a0:   48 8b 87 00 01 00 00 48 85 c0 74 0c 44 39 98 f8 


Register to memory mapping:

RAX=0x0000000000000002 is an unknown value
RBX=0x0000000059e45250 is an unknown value
RCX=0x0000000000000001 is an unknown value
RDX=0x0000000000000000 is an unknown value
RSP=0x00000000599ef1f0 is pointing into the stack for thread: 0x0000000057a30000
RBP=0x00000000599ef460 is pointing into the stack for thread: 0x0000000057a30000
RSI=0x0000000057a403a9 is an unknown value
RDI=0x0000000000000000 is an unknown value
R8 =0x0000000000000000 is an unknown value
R9 =0x0000000000000000 is an unknown value
R10=0x000000000000003f is an unknown value
R11=0x0000000000000002 is an unknown value
R12=0x00000000599ef468 is pointing into the stack for thread: 0x0000000057a30000
R13=0x00000000564ead40 is pointing into metadata
R14=0x00000000599ef468 is pointing into the stack for thread: 0x0000000057a30000
R15=0x0000000057a30000 is a thread


Stack: [0x00000000598f0000,0x00000000599f0000],  sp=0x00000000599ef1f0,  free space=1020k
Native frames: (J=compiled Java code, j=interpreted, Vv=VM code, C=native code)
C  [rxtxSerial.dll+0x8790]
C  [rxtxSerial.dll+0xaab4]
C  [rxtxSerial.dll+0x213d]
C  0x00000000029c462b

Java frames: (J=compiled Java code, j=interpreted, Vv=VM code)
j  gnu.io.RXTXPort.open(Ljava/lang/String;)I+0
j  gnu.io.RXTXPort.<init>(Ljava/lang/String;)V+125
j  gnu.io.RXTXCommDriver.getCommPort(Ljava/lang/String;I)Lgnu/io/CommPort;+78
j  gnu.io.CommPortIdentifier.open(Ljava/lang/String;I)Lgnu/io/CommPort;+171
j  trackitarduino.Arduino.initialize()V+104
j  trackitarduino.ArduinoThread.run()V+17
v  ~StubRoutines::call_stub

---------------  P R O C E S S  ---------------

Java Threads: ( => current thread )
  0x0000000057b12000 JavaThread "Thread-3" [_thread_in_native, id=6992, stack(0x0000000059c20000,0x0000000059d20000)]
  0x000000000224e000 JavaThread "DestroyJavaVM" [_thread_blocked, id=6908, stack(0x00000000025e0000,0x00000000026e0000)]
=>0x0000000057a30000 JavaThread "Thread-1" [_thread_in_native, id=5756, stack(0x00000000598f0000,0x00000000599f0000)]
  0x0000000057a2f000 JavaThread "Thread-0" [_thread_blocked, id=7104, stack(0x0000000059570000,0x0000000059670000)]
  0x0000000056adf800 JavaThread "Service Thread" daemon [_thread_blocked, id=3696, stack(0x00000000596e0000,0x00000000597e0000)]
  0x0000000056ade800 JavaThread "C1 CompilerThread3" daemon [_thread_blocked, id=7048, stack(0x0000000059470000,0x0000000059570000)]
  0x0000000056add000 JavaThread "C2 CompilerThread2" daemon [_thread_blocked, id=2436, stack(0x0000000058f00000,0x0000000059000000)]
  0x0000000056adc000 JavaThread "C2 CompilerThread1" daemon [_thread_blocked, id=6244, stack(0x0000000059360000,0x0000000059460000)]
  0x0000000057968000 JavaThread "C2 CompilerThread0" daemon [_thread_blocked, id=2368, stack(0x00000000591d0000,0x00000000592d0000)]
  0x0000000057966800 JavaThread "Attach Listener" daemon [_thread_blocked, id=2704, stack(0x0000000059040000,0x0000000059140000)]
  0x0000000057965000 JavaThread "Signal Dispatcher" daemon [_thread_blocked, id=5088, stack(0x0000000058d70000,0x0000000058e70000)]
  0x0000000056ace000 JavaThread "Finalizer" daemon [_thread_blocked, id=6840, stack(0x0000000058880000,0x0000000058980000)]
  0x0000000056ac7000 JavaThread "Reference Handler" daemon [_thread_blocked, id=3636, stack(0x0000000058b80000,0x0000000058c80000)]

Other Threads:
  0x0000000056ac0000 VMThread [stack: 0x0000000058a50000,0x0000000058b50000] [id=1144]
  0x00000000579c6000 WatcherThread [stack: 0x00000000597f0000,0x00000000598f0000] [id=5328]

VM state:not at safepoint (normal execution)

VM Mutex/Monitor currently owned by a thread: None

Heap:
 PSYoungGen      total 28672K, used 4424K [0x00000000e0580000, 0x00000000e2580000, 0x0000000100000000)
  eden space 24576K, 18% used [0x00000000e0580000,0x00000000e09d2140,0x00000000e1d80000)
  from space 4096K, 0% used [0x00000000e2180000,0x00000000e2180000,0x00000000e2580000)
  to   space 4096K, 0% used [0x00000000e1d80000,0x00000000e1d80000,0x00000000e2180000)
 ParOldGen       total 65536K, used 0K [0x00000000a1000000, 0x00000000a5000000, 0x00000000e0580000)
  object space 65536K, 0% used [0x00000000a1000000,0x00000000a1000000,0x00000000a5000000)
 Metaspace       used 2979K, capacity 4664K, committed 4864K, reserved 1056768K
  class space    used 326K, capacity 424K, committed 512K, reserved 1048576K

Card table byte_map: [0x0000000011d70000,0x0000000012070000] byte_map_base: 0x0000000011868000

Marking Bits: (ParMarkBitMap*) 0x0000000065f1a5b0
 Begin Bits: [0x0000000012e60000, 0x0000000014620000)
 End Bits:   [0x0000000014620000, 0x0000000015de0000)

Polling page: 0x0000000000330000

CodeCache: size=245760Kb used=1206Kb max_used=1206Kb free=244553Kb
 bounds [0x00000000029b0000, 0x0000000002c20000, 0x00000000119b0000]
 total_blobs=312 nmethods=78 adapters=148
 compilation: enabled

Compilation events (10 events):
Event: 0.309 Thread 0x0000000056add000 nmethod 71 0x0000000002ad9350 code [0x0000000002ad94a0, 0x0000000002ad96b8]
Event: 0.311 Thread 0x0000000056ade800   74  s!   3       sun.misc.URLClassPath::getLoader (197 bytes)
Event: 0.316 Thread 0x0000000056adc000 nmethod 72 0x0000000002ad7890 code [0x0000000002ad79e0, 0x0000000002ad7c78]
Event: 0.317 Thread 0x0000000056ade800 nmethod 74 0x0000000002adb190 code [0x0000000002adb560, 0x0000000002addc38]
Event: 0.317 Thread 0x0000000056ade800   73  s    3       sun.misc.URLClassPath::getNextLoader (88 bytes)
Event: 0.318 Thread 0x0000000056ade800 nmethod 73 0x0000000002ad6a10 code [0x0000000002ad6be0, 0x0000000002ad7428]
Event: 0.318 Thread 0x0000000056ade800   75       3       java.util.ArrayList::get (11 bytes)
Event: 0.319 Thread 0x0000000056ade800 nmethod 75 0x0000000002ad8c10 code [0x0000000002ad8da0, 0x0000000002ad9118]
Event: 0.319 Thread 0x0000000056ade800   76       3       java.util.concurrent.ConcurrentHashMap::setTabAt (19 bytes)
Event: 0.319 Thread 0x0000000056ade800 nmethod 76 0x0000000002ad88d0 code [0x0000000002ad8a20, 0x0000000002ad8b90]

GC Heap History (0 events):
No events

Deoptimization events (0 events):
No events

Internal exceptions (10 events):
Event: 0.096 Thread 0x000000000224e000 Exception <a 'java/lang/NoSuchMethodError': Method sun.misc.Unsafe.defineClass(Ljava/lang/String;[BII)Ljava/lang/Class; name or signature does not match> (0x00000000e058d088) thrown at [C:\workspace\8-2-build-windows-amd64-cygwin\jdk8u65\4987\hotspot\src\siÂÒ∏bù∏?
Event: 0.096 Thread 0x000000000224e000 Exception <a 'java/lang/NoSuchMethodError': Method sun.misc.Unsafe.prefetchRead(Ljava/lang/Object;J)V name or signature does not match> (0x00000000e058d370) thrown at [C:\workspace\8-2-build-windows-amd64-cygwin\jdk8u65\4987\hotspot\src\share\vm\prims\jni.,ñâ{——?
Event: 0.278 Thread 0x0000000057a2f000 Exception <a 'java/io/FileNotFoundException'> (0x00000000e072b2e8) thrown at [C:\workspace\8-2-build-windows-amd64-cygwin\jdk8u65\4987\hotspot\src\share\vm\prims\jni.cpp, line 709]
Event: 0.288 Thread 0x0000000057a2f000 Exception <a 'java/io/FileNotFoundException'> (0x00000000e0741d50) thrown at [C:\workspace\8-2-build-windows-amd64-cygwin\jdk8u65\4987\hotspot\src\share\vm\prims\jni.cpp, line 709]
Event: 0.291 Thread 0x0000000057a2f000 Exception <a 'java/io/FileNotFoundException'> (0x00000000e0752110) thrown at [C:\workspace\8-2-build-windows-amd64-cygwin\jdk8u65\4987\hotspot\src\share\vm\prims\jni.cpp, line 709]
Event: 0.296 Thread 0x0000000057a2f000 Exception <a 'java/io/FileNotFoundException'> (0x00000000e0768508) thrown at [C:\workspace\8-2-build-windows-amd64-cygwin\jdk8u65\4987\hotspot\src\share\vm\prims\jni.cpp, line 709]
Event: 0.298 Thread 0x0000000057a30000 Exception <a 'java/io/FileNotFoundException'> (0x00000000e076c608) thrown at [C:\workspace\8-2-build-windows-amd64-cygwin\jdk8u65\4987\hotspot\src\share\vm\prims\jni.cpp, line 709]
Event: 0.302 Thread 0x0000000057a30000 Exception <a 'java/io/FileNotFoundException'> (0x00000000e0782a00) thrown at [C:\workspace\8-2-build-windows-amd64-cygwin\jdk8u65\4987\hotspot\src\share\vm\prims\jni.cpp, line 709]
Event: 0.303 Thread 0x0000000057a30800 Exception <a 'java/io/FileNotFoundException'> (0x00000000e08623b8) thrown at [C:\workspace\8-2-build-windows-amd64-cygwin\jdk8u65\4987\hotspot\src\share\vm\prims\jni.cpp, line 709]
Event: 0.308 Thread 0x0000000057a30800 Exception <a 'java/io/FileNotFoundException'> (0x00000000e08787b0) thrown at [C:\workspace\8-2-build-windows-amd64-cygwin\jdk8u65\4987\hotspot\src\share\vm\prims\jni.cpp, line 709]

Events (10 events):
Event: 0.315 loading class java/io/DataOutput done
Event: 0.315 loading class java/io/DataInput
Event: 0.315 loading class java/io/DataInput done
Event: 0.315 loading class java/io/RandomAccessFile done
Event: 0.315 loading class gnu/io/UnSupportedLoggerException
Event: 0.315 loading class gnu/io/UnSupportedLoggerException done
Event: 0.316 loading class java/lang/NumberFormatException
Event: 0.316 loading class java/lang/NumberFormatException done
Event: 0.318 loading class java/lang/IndexOutOfBoundsException
Event: 0.318 loading class java/lang/IndexOutOfBoundsException done


Dynamic libraries:
0x000000013f8a0000 - 0x000000013f8d7000 	C:\Program Files\Java\jdk1.8.0_65\bin\java.exe
0x0000000077b80000 - 0x0000000077d29000 	C:\Windows\SYSTEM32\ntdll.dll
0x0000000077a60000 - 0x0000000077b7f000 	C:\Windows\system32\kernel32.dll
0x000007fefdbf0000 - 0x000007fefdc5c000 	C:\Windows\system32\KERNELBASE.dll
0x000007fefe0d0000 - 0x000007fefe1ab000 	C:\Windows\system32\ADVAPI32.dll
0x000007fefdd50000 - 0x000007fefddef000 	C:\Windows\system32\msvcrt.dll
0x000007feffcd0000 - 0x000007feffcef000 	C:\Windows\SYSTEM32\sechost.dll
0x000007feff040000 - 0x000007feff16d000 	C:\Windows\system32\RPCRT4.dll
0x0000000077960000 - 0x0000000077a5a000 	C:\Windows\system32\USER32.dll
0x000007feff710000 - 0x000007feff777000 	C:\Windows\system32\GDI32.dll
0x000007feff790000 - 0x000007feff79e000 	C:\Windows\system32\LPK.dll
0x000007feff800000 - 0x000007feff8c9000 	C:\Windows\system32\USP10.dll
0x000007fefc2a0000 - 0x000007fefc494000 	C:\Windows\WinSxS\amd64_microsoft.windows.common-controls_6595b64144ccf1df_6.0.7601.17514_none_fa396087175ac9ac\COMCTL32.dll
0x000007feffd90000 - 0x000007feffe01000 	C:\Windows\system32\SHLWAPI.dll
0x000007feff920000 - 0x000007feff94e000 	C:\Windows\system32\IMM32.DLL
0x000007feff170000 - 0x000007feff279000 	C:\Windows\system32\MSCTF.dll
0x0000000075090000 - 0x0000000075162000 	C:\Program Files\Java\jdk1.8.0_65\jre\bin\msvcr100.dll
0x0000000065710000 - 0x0000000065f99000 	C:\Program Files\Java\jdk1.8.0_65\jre\bin\server\jvm.dll
0x000007fefb910000 - 0x000007fefb919000 	C:\Windows\system32\WSOCK32.dll
0x000007feff8d0000 - 0x000007feff91d000 	C:\Windows\system32\WS2_32.dll
0x000007feff780000 - 0x000007feff788000 	C:\Windows\system32\NSI.dll
0x000007fefa4f0000 - 0x000007fefa52b000 	C:\Windows\system32\WINMM.dll
0x000007fefca70000 - 0x000007fefca7c000 	C:\Windows\system32\VERSION.dll
0x0000000077d40000 - 0x0000000077d47000 	C:\Windows\system32\PSAPI.DLL
0x0000000075560000 - 0x000000007556f000 	C:\Program Files\Java\jdk1.8.0_65\jre\bin\verify.dll
0x0000000075060000 - 0x0000000075089000 	C:\Program Files\Java\jdk1.8.0_65\jre\bin\java.dll
0x0000000075510000 - 0x0000000075526000 	C:\Program Files\Java\jdk1.8.0_65\jre\bin\zip.dll
0x000007fefe1d0000 - 0x000007fefef58000 	C:\Windows\system32\SHELL32.dll
0x000007feff950000 - 0x000007feffb53000 	C:\Windows\system32\ole32.dll
0x000007fefd9a0000 - 0x000007fefd9af000 	C:\Windows\system32\profapi.dll
0x0000000180000000 - 0x0000000180025000 	C:\Windows\SysWOW64\rxtxSerial.dll
0x000007fef8a30000 - 0x000007fef8b55000 	C:\Windows\system32\dbghelp.dll

VM Arguments:
jvm_args: -Dfile.encoding=UTF-8 -Djava.library.path=C:\Windows\SysWOW64 
java_command: trackitarduino.Main
java_class_path (initial): D:\Desarrollo\GitHub\Arduino\TrackitARDUINO\librerias\RXTXcomm.jar;D:\Desarrollo\GitHub\Arduino\TrackitARDUINO\librerias\json-simple-1.1.1.jar;D:\Desarrollo\GitHub\Arduino\TrackitARDUINO\librerias\org.json.jar;D:\Desarrollo\GitHub\Arduino\TrackitARDUINO\build\classes
Launcher Type: SUN_STANDARD

Environment Variables:
PATH=C:\ProgramData\Oracle\Java\javapath;C:\Program Files (x86)\AMD APP\bin\x86_64;C:\Program Files (x86)\AMD APP\bin\x86;C:\Windows\system32;C:\Windows;C:\Windows\System32\Wbem;C:\Windows\System32\WindowsPowerShell\v1.0\;C:\Program Files\Dell\Dell Wireless WLAN Card;C:\Program Files (x86)\ATI Technologies\ATI.ACE\Core-Static;C:\Program Files (x86)\Skype\Phone\;C:\Program Files (x86)\Brackets\command;C:\Program Files\nodejs\;C:\Users\jtarira\AppData\Local\atom\bin;C:\Users\jtarira\AppData\Roaming\npm
USERNAME=jtarira
OS=Windows_NT
PROCESSOR_IDENTIFIER=Intel64 Family 6 Model 30 Stepping 5, GenuineIntel



---------------  S Y S T E M  ---------------

OS: Windows 7 , 64 bit Build 7601 (6.1.7601.18409)

CPU:total 8 (4 cores per cpu, 2 threads per core) family 6 model 30 stepping 5, cmov, cx8, fxsr, mmx, sse, sse2, sse3, ssse3, sse4.1, sse4.2, popcnt, ht, tsc, tscinvbit

Memory: 4k page, physical 6222372k(2539964k free), swap 12442880k(7997016k free)

vm_info: Java HotSpot(TM) 64-Bit Server VM (25.65-b01) for windows-amd64 JRE (1.8.0_65-b17), built on Oct  6 2015 16:39:20 by "java_re" with MS VC++ 10.0 (VS2010)

time: Wed Nov 16 19:29:39 2016
elapsed time: 0 seconds (0d 0h 0m 0s)

