#
# A fatal error has been detected by the Java Runtime Environment:
#
#  EXCEPTION_ACCESS_VIOLATION (0xc0000005) at pc=0x0000000180008790, pid=6628, tid=4324
#
# JRE version: Java(TM) SE Runtime Environment (8.0_65-b17) (build 1.8.0_65-b17)
# Java VM: Java HotSpot(TM) 64-Bit Server VM (25.65-b01 mixed mode windows-amd64 compressed oops)
# Problematic frame:
# C  [rxtxSerial.dll+0x8790]
#
# Failed to write core dump. Minidumps are not enabled by default on client versions of Windows
#
# If you would like to submit a bug report, please visit:
#   http://bugreport.java.com/bugreport/crash.jsp
# The crash happened outside the Java Virtual Machine in native code.
# See problematic frame for where to report the bug.
#

---------------  T H R E A D  ---------------

Current thread (0x00000000579d0000):  JavaThread "Thread-2" [_thread_in_native, id=4324, stack(0x0000000058cc0000,0x0000000058dc0000)]

siginfo: ExceptionCode=0xc0000005, reading address 0x00000000000000f8

Registers:
RAX=0x0000000000000002, RBX=0x0000000059d55370, RCX=0x0000000000000001, RDX=0x0000000000000000
RSP=0x0000000058dbedd0, RBP=0x0000000058dbf040, RSI=0x00000000579dee19, RDI=0x0000000000000000
R8 =0x0000000000000000, R9 =0x0000000000000000, R10=0x0000000058ad7b80, R11=0x0000000000000002
R12=0x0000000058dbf048, R13=0x000000005611ad40, R14=0x0000000058dbf048, R15=0x00000000579d0000
RIP=0x0000000180008790, EFLAGS=0x0000000000010206

Top of Stack: (sp=0x0000000058dbedd0)
0x0000000058dbedd0:   0000000059d55370 00000000579dee10
0x0000000058dbede0:   00000000579d0000 0000000000000009
0x0000000058dbedf0:   00000000579dee10 000000018000aab4
0x0000000058dbee00:   00000000579d01f8 0000000000000106
0x0000000058dbee10:   000000005611ad40 0000000058dbf048
0x0000000058dbee20:   00000000567052e0 00000000579dee10
0x0000000058dbee30:   0000000058dbf040 000000018000b7fe
0x0000000058dbee40:   0000000000000008 000000005611ad40
0x0000000058dbee50:   00000000579d01f8 0000000000000000
0x0000000058dbee60:   00000000579d0000 0000000000000000
0x0000000058dbee70:   0000406d8eeb77f3 000000007fffffdc
0x0000000058dbee80:   0000000058dbef10 0000000000000042
0x0000000058dbee90:   00000000579d01f8 0000000000000000
0x0000000058dbeea0:   00000000579dee10 000000018000213d
0x0000000058dbeeb0:   0000000058dbf040 000000018001c0b0
0x0000000058dbeec0:   0000000000000000 0000000180000000 

Instructions: (pc=0x0000000180008790)
0x0000000180008770:   89 83 00 01 00 00 48 89 1d 73 6f 01 00 48 8b c3
0x0000000180008780:   48 8b 5c 24 30 48 8b 74 24 38 48 83 c4 20 5f c3
0x0000000180008790:   39 87 f8 00 00 00 7d 20 0f 1f 84 00 00 00 00 00
0x00000001800087a0:   48 8b 87 00 01 00 00 48 85 c0 74 0c 44 39 98 f8 


Register to memory mapping:

RAX=0x0000000000000002 is an unknown value
RBX=0x0000000059d55370 is an unknown value
RCX=0x0000000000000001 is an unknown value
RDX=0x0000000000000000 is an unknown value
RSP=0x0000000058dbedd0 is pointing into the stack for thread: 0x00000000579d0000
RBP=0x0000000058dbf040 is pointing into the stack for thread: 0x00000000579d0000
RSI=0x00000000579dee19 is an unknown value
RDI=0x0000000000000000 is an unknown value
R8 =0x0000000000000000 is an unknown value
R9 =0x0000000000000000 is an unknown value
R10=0x0000000058ad7b80 is an unknown value
R11=0x0000000000000002 is an unknown value
R12=0x0000000058dbf048 is pointing into the stack for thread: 0x00000000579d0000
R13=0x000000005611ad40 is pointing into metadata
R14=0x0000000058dbf048 is pointing into the stack for thread: 0x00000000579d0000
R15=0x00000000579d0000 is a thread


Stack: [0x0000000058cc0000,0x0000000058dc0000],  sp=0x0000000058dbedd0,  free space=1019k
Native frames: (J=compiled Java code, j=interpreted, Vv=VM code, C=native code)
C  [rxtxSerial.dll+0x8790]
C  [rxtxSerial.dll+0xaab4]
C  [rxtxSerial.dll+0x213d]
C  0x000000000295462b

Java frames: (J=compiled Java code, j=interpreted, Vv=VM code)
j  gnu.io.RXTXPort.open(Ljava/lang/String;)I+0
j  gnu.io.RXTXPort.<init>(Ljava/lang/String;)V+125
j  gnu.io.RXTXCommDriver.getCommPort(Ljava/lang/String;I)Lgnu/io/CommPort;+78
j  gnu.io.CommPortIdentifier.open(Ljava/lang/String;I)Lgnu/io/CommPort;+171
j  trackitarduino.Arduino.initialize()V+104
j  trackitarduino.ArduinoThread.run()V+17
v  ~StubRoutines::call_stub

---------------  P R O C E S S  ---------------

Java Threads: ( => current thread )
  0x00000000579de800 JavaThread "Thread-3" [_thread_in_native, id=2968, stack(0x0000000059e40000,0x0000000059f40000)]
  0x000000000038e000 JavaThread "DestroyJavaVM" [_thread_blocked, id=5616, stack(0x0000000002570000,0x0000000002670000)]
=>0x00000000579d0000 JavaThread "Thread-2" [_thread_in_native, id=4324, stack(0x0000000058cc0000,0x0000000058dc0000)]
  0x00000000579cf000 JavaThread "Thread-1" [_thread_in_native, id=6684, stack(0x0000000059a80000,0x0000000059b80000)]
  0x000000005670f800 JavaThread "Service Thread" daemon [_thread_blocked, id=6896, stack(0x00000000595e0000,0x00000000596e0000)]
  0x00000000578e5800 JavaThread "C1 CompilerThread3" daemon [_thread_blocked, id=5820, stack(0x0000000058ee0000,0x0000000058fe0000)]
  0x00000000578e4800 JavaThread "C2 CompilerThread2" daemon [_thread_blocked, id=876, stack(0x00000000594c0000,0x00000000595c0000)]
  0x00000000578cf000 JavaThread "C2 CompilerThread1" daemon [_thread_blocked, id=3780, stack(0x0000000059390000,0x0000000059490000)]
  0x00000000578c7800 JavaThread "C2 CompilerThread0" daemon [_thread_blocked, id=6784, stack(0x00000000591b0000,0x00000000592b0000)]
  0x00000000578c6000 JavaThread "Attach Listener" daemon [_thread_blocked, id=4804, stack(0x0000000059020000,0x0000000059120000)]
  0x00000000578c4800 JavaThread "Signal Dispatcher" daemon [_thread_blocked, id=7020, stack(0x0000000058dd0000,0x0000000058ed0000)]
  0x00000000566fc000 JavaThread "Finalizer" daemon [_thread_blocked, id=3424, stack(0x0000000058b80000,0x0000000058c80000)]
  0x00000000566f5000 JavaThread "Reference Handler" daemon [_thread_blocked, id=6944, stack(0x0000000058970000,0x0000000058a70000)]

Other Threads:
  0x0000000057873000 VMThread [stack: 0x00000000587e0000,0x00000000588e0000] [id=6916]
  0x00000000579ab000 WatcherThread [stack: 0x0000000059720000,0x0000000059820000] [id=5604]

VM state:not at safepoint (normal execution)

VM Mutex/Monitor currently owned by a thread: None

Heap:
 PSYoungGen      total 28672K, used 4424K [0x00000000e0580000, 0x00000000e2580000, 0x0000000100000000)
  eden space 24576K, 18% used [0x00000000e0580000,0x00000000e09d2140,0x00000000e1d80000)
  from space 4096K, 0% used [0x00000000e2180000,0x00000000e2180000,0x00000000e2580000)
  to   space 4096K, 0% used [0x00000000e1d80000,0x00000000e1d80000,0x00000000e2180000)
 ParOldGen       total 65536K, used 0K [0x00000000a1000000, 0x00000000a5000000, 0x00000000e0580000)
  object space 65536K, 0% used [0x00000000a1000000,0x00000000a1000000,0x00000000a5000000)
 Metaspace       used 2979K, capacity 4664K, committed 4864K, reserved 1056768K
  class space    used 326K, capacity 424K, committed 512K, reserved 1048576K

Card table byte_map: [0x0000000011d00000,0x0000000012000000] byte_map_base: 0x00000000117f8000

Marking Bits: (ParMarkBitMap*) 0x0000000065f1a5b0
 Begin Bits: [0x0000000012a90000, 0x0000000014250000)
 End Bits:   [0x0000000014250000, 0x0000000015a10000)

Polling page: 0x0000000000330000

CodeCache: size=245760Kb used=1210Kb max_used=1223Kb free=244549Kb
 bounds [0x0000000002940000, 0x0000000002bb0000, 0x0000000011940000]
 total_blobs=312 nmethods=78 adapters=148
 compilation: enabled

Compilation events (10 events):
Event: 0.277 Thread 0x00000000578e5800   70       3       java.lang.String::indexOf (7 bytes)
Event: 0.277 Thread 0x00000000578e5800 nmethod 70 0x0000000002a66990 code [0x0000000002a66b00, 0x0000000002a66d88]
Event: 0.277 Thread 0x00000000578e5800   54       1       sun.util.locale.BaseLocale::getLanguage (5 bytes)
Event: 0.277 Thread 0x00000000578e5800 nmethod 54 0x0000000002a61610 code [0x0000000002a61760, 0x0000000002a61870]
Event: 0.280 Thread 0x00000000578e4800   72       4       java.util.Arrays::copyOfRange (63 bytes)
Event: 0.286 Thread 0x00000000578cf000   73       4       java.lang.String::<init> (82 bytes)
Event: 0.286 Thread 0x00000000578e4800 nmethod 72 0x0000000002a69d10 code [0x0000000002a69e60, 0x0000000002a6a078]
Event: 0.286 Thread 0x00000000578c7800   74       4       java.lang.String::toLowerCase (439 bytes)
Event: 0.289 Thread 0x00000000578e5800   76  s!   3       sun.misc.URLClassPath::getLoader (197 bytes)
Event: 0.297 Thread 0x00000000578cf000 nmethod 73 0x0000000002a68250 code [0x0000000002a683a0, 0x0000000002a68638]

GC Heap History (0 events):
No events

Deoptimization events (0 events):
No events

Internal exceptions (10 events):
Event: 0.090 Thread 0x000000000038e000 Exception <a 'java/lang/NoSuchMethodError': Method sun.misc.Unsafe.defineClass(Ljava/lang/String;[BII)Ljava/lang/Class; name or signature does not match> (0x00000000e058cee8) thrown at [C:\workspace\8-2-build-windows-amd64-cygwin\jdk8u65\4987\hotspot\src\s8çº∑+(∑?
Event: 0.090 Thread 0x000000000038e000 Exception <a 'java/lang/NoSuchMethodError': Method sun.misc.Unsafe.prefetchRead(Ljava/lang/Object;J)V name or signature does not match> (0x00000000e058d1d0) thrown at [C:\workspace\8-2-build-windows-amd64-cygwin\jdk8u65\4987\hotspot\src\share\vm\prims\jni.#ÏÕXd–?
Event: 0.256 Thread 0x00000000579d0000 Exception <a 'java/io/FileNotFoundException'> (0x00000000e0891e98) thrown at [C:\workspace\8-2-build-windows-amd64-cygwin\jdk8u65\4987\hotspot\src\share\vm\prims\jni.cpp, line 709]
Event: 0.266 Thread 0x00000000579d0000 Exception <a 'java/io/FileNotFoundException'> (0x00000000e08a8900) thrown at [C:\workspace\8-2-build-windows-amd64-cygwin\jdk8u65\4987\hotspot\src\share\vm\prims\jni.cpp, line 709]
Event: 0.269 Thread 0x00000000579d0000 Exception <a 'java/io/FileNotFoundException'> (0x00000000e08b8cc0) thrown at [C:\workspace\8-2-build-windows-amd64-cygwin\jdk8u65\4987\hotspot\src\share\vm\prims\jni.cpp, line 709]
Event: 0.274 Thread 0x00000000579d0000 Exception <a 'java/io/FileNotFoundException'> (0x00000000e08cf0b8) thrown at [C:\workspace\8-2-build-windows-amd64-cygwin\jdk8u65\4987\hotspot\src\share\vm\prims\jni.cpp, line 709]
Event: 0.276 Thread 0x00000000579ce800 Exception <a 'java/io/FileNotFoundException'> (0x00000000e06fb808) thrown at [C:\workspace\8-2-build-windows-amd64-cygwin\jdk8u65\4987\hotspot\src\share\vm\prims\jni.cpp, line 709]
Event: 0.280 Thread 0x00000000579ce800 Exception <a 'java/io/FileNotFoundException'> (0x00000000e0711c00) thrown at [C:\workspace\8-2-build-windows-amd64-cygwin\jdk8u65\4987\hotspot\src\share\vm\prims\jni.cpp, line 709]
Event: 0.281 Thread 0x00000000579cf000 Exception <a 'java/io/FileNotFoundException'> (0x00000000e076c608) thrown at [C:\workspace\8-2-build-windows-amd64-cygwin\jdk8u65\4987\hotspot\src\share\vm\prims\jni.cpp, line 709]
Event: 0.285 Thread 0x00000000579cf000 Exception <a 'java/io/FileNotFoundException'> (0x00000000e0782a00) thrown at [C:\workspace\8-2-build-windows-amd64-cygwin\jdk8u65\4987\hotspot\src\share\vm\prims\jni.cpp, line 709]

Events (10 events):
Event: 0.292 loading class java/io/DataOutput done
Event: 0.292 loading class java/io/DataInput
Event: 0.292 loading class java/io/DataInput done
Event: 0.293 loading class java/io/RandomAccessFile done
Event: 0.293 loading class gnu/io/UnSupportedLoggerException
Event: 0.293 loading class gnu/io/UnSupportedLoggerException done
Event: 0.294 loading class java/lang/NumberFormatException
Event: 0.294 loading class java/lang/NumberFormatException done
Event: 0.295 loading class java/lang/IndexOutOfBoundsException
Event: 0.295 loading class java/lang/IndexOutOfBoundsException done


Dynamic libraries:
0x000000013f8a0000 - 0x000000013f8d7000 	C:\Program Files\Java\jdk1.8.0_65\bin\java.exe
0x0000000077b80000 - 0x0000000077d29000 	C:\Windows\SYSTEM32\ntdll.dll
0x0000000077a60000 - 0x0000000077b7f000 	C:\Windows\system32\kernel32.dll
0x000007fefdbf0000 - 0x000007fefdc5c000 	C:\Windows\system32\KERNELBASE.dll
0x000007fefe0d0000 - 0x000007fefe1ab000 	C:\Windows\system32\ADVAPI32.dll
0x000007fefdd50000 - 0x000007fefddef000 	C:\Windows\system32\msvcrt.dll
0x000007feffcd0000 - 0x000007feffcef000 	C:\Windows\SYSTEM32\sechost.dll
0x000007feff040000 - 0x000007feff16d000 	C:\Windows\system32\RPCRT4.dll
0x0000000077960000 - 0x0000000077a5a000 	C:\Windows\system32\USER32.dll
0x000007feff710000 - 0x000007feff777000 	C:\Windows\system32\GDI32.dll
0x000007feff790000 - 0x000007feff79e000 	C:\Windows\system32\LPK.dll
0x000007feff800000 - 0x000007feff8c9000 	C:\Windows\system32\USP10.dll
0x000007fefc2a0000 - 0x000007fefc494000 	C:\Windows\WinSxS\amd64_microsoft.windows.common-controls_6595b64144ccf1df_6.0.7601.17514_none_fa396087175ac9ac\COMCTL32.dll
0x000007feffd90000 - 0x000007feffe01000 	C:\Windows\system32\SHLWAPI.dll
0x000007feff920000 - 0x000007feff94e000 	C:\Windows\system32\IMM32.DLL
0x000007feff170000 - 0x000007feff279000 	C:\Windows\system32\MSCTF.dll
0x0000000075090000 - 0x0000000075162000 	C:\Program Files\Java\jdk1.8.0_65\jre\bin\msvcr100.dll
0x0000000065710000 - 0x0000000065f99000 	C:\Program Files\Java\jdk1.8.0_65\jre\bin\server\jvm.dll
0x000007fefb910000 - 0x000007fefb919000 	C:\Windows\system32\WSOCK32.dll
0x000007feff8d0000 - 0x000007feff91d000 	C:\Windows\system32\WS2_32.dll
0x000007feff780000 - 0x000007feff788000 	C:\Windows\system32\NSI.dll
0x000007fefa4f0000 - 0x000007fefa52b000 	C:\Windows\system32\WINMM.dll
0x000007fefca70000 - 0x000007fefca7c000 	C:\Windows\system32\VERSION.dll
0x0000000077d40000 - 0x0000000077d47000 	C:\Windows\system32\PSAPI.DLL
0x0000000075560000 - 0x000000007556f000 	C:\Program Files\Java\jdk1.8.0_65\jre\bin\verify.dll
0x0000000075060000 - 0x0000000075089000 	C:\Program Files\Java\jdk1.8.0_65\jre\bin\java.dll
0x0000000075510000 - 0x0000000075526000 	C:\Program Files\Java\jdk1.8.0_65\jre\bin\zip.dll
0x000007fefe1d0000 - 0x000007fefef58000 	C:\Windows\system32\SHELL32.dll
0x000007feff950000 - 0x000007feffb53000 	C:\Windows\system32\ole32.dll
0x000007fefd9a0000 - 0x000007fefd9af000 	C:\Windows\system32\profapi.dll
0x0000000180000000 - 0x0000000180025000 	C:\Windows\SysWOW64\rxtxSerial.dll
0x000007fef8a30000 - 0x000007fef8b55000 	C:\Windows\system32\dbghelp.dll

VM Arguments:
jvm_args: -Dfile.encoding=UTF-8 -Djava.library.path=C:\Windows\SysWOW64 
java_command: trackitarduino.Main
java_class_path (initial): D:\Desarrollo\GitHub\Arduino\TrackitARDUINO\librerias\RXTXcomm.jar;D:\Desarrollo\GitHub\Arduino\TrackitARDUINO\librerias\json-simple-1.1.1.jar;D:\Desarrollo\GitHub\Arduino\TrackitARDUINO\librerias\org.json.jar;D:\Desarrollo\GitHub\Arduino\TrackitARDUINO\build\classes
Launcher Type: SUN_STANDARD

Environment Variables:
PATH=C:\ProgramData\Oracle\Java\javapath;C:\Program Files (x86)\AMD APP\bin\x86_64;C:\Program Files (x86)\AMD APP\bin\x86;C:\Windows\system32;C:\Windows;C:\Windows\System32\Wbem;C:\Windows\System32\WindowsPowerShell\v1.0\;C:\Program Files\Dell\Dell Wireless WLAN Card;C:\Program Files (x86)\ATI Technologies\ATI.ACE\Core-Static;C:\Program Files (x86)\Skype\Phone\;C:\Program Files (x86)\Brackets\command;C:\Program Files\nodejs\;C:\Users\jtarira\AppData\Local\atom\bin;C:\Users\jtarira\AppData\Roaming\npm
USERNAME=jtarira
OS=Windows_NT
PROCESSOR_IDENTIFIER=Intel64 Family 6 Model 30 Stepping 5, GenuineIntel



---------------  S Y S T E M  ---------------

OS: Windows 7 , 64 bit Build 7601 (6.1.7601.18409)

CPU:total 8 (4 cores per cpu, 2 threads per core) family 6 model 30 stepping 5, cmov, cx8, fxsr, mmx, sse, sse2, sse3, ssse3, sse4.1, sse4.2, popcnt, ht, tsc, tscinvbit

Memory: 4k page, physical 6222372k(2615668k free), swap 12442880k(8120256k free)

vm_info: Java HotSpot(TM) 64-Bit Server VM (25.65-b01) for windows-amd64 JRE (1.8.0_65-b17), built on Oct  6 2015 16:39:20 by "java_re" with MS VC++ 10.0 (VS2010)

time: Wed Nov 16 19:50:26 2016
elapsed time: 0 seconds (0d 0h 0m 0s)

