#
# A fatal error has been detected by the Java Runtime Environment:
#
#  EXCEPTION_ACCESS_VIOLATION (0xc0000005) at pc=0x0000000180008790, pid=6640, tid=6360
#
# JRE version: Java(TM) SE Runtime Environment (8.0_65-b17) (build 1.8.0_65-b17)
# Java VM: Java HotSpot(TM) 64-Bit Server VM (25.65-b01 mixed mode windows-amd64 compressed oops)
# Problematic frame:
# C  [rxtxSerial.dll+0x8790]
#
# Failed to write core dump. Minidumps are not enabled by default on client versions of Windows
#
# If you would like to submit a bug report, please visit:
#   http://bugreport.java.com/bugreport/crash.jsp
# The crash happened outside the Java Virtual Machine in native code.
# See problematic frame for where to report the bug.
#

---------------  T H R E A D  ---------------

Current thread (0x0000000057bfe800):  JavaThread "Thread-1" [_thread_in_native, id=6360, stack(0x0000000059ba0000,0x0000000059ca0000)]

siginfo: ExceptionCode=0xc0000005, reading address 0x00000000000000f8

Registers:
RAX=0x0000000000000002, RBX=0x0000000059db5470, RCX=0x0000000000000001, RDX=0x0000000000000000
RSP=0x0000000059c9edd0, RBP=0x0000000059c9f040, RSI=0x0000000057c29319, RDI=0x0000000000000000
R8 =0x0000000000000000, R9 =0x0000000000000000, R10=0x0000000000000079, R11=0x0000000000000002
R12=0x0000000059c9f048, R13=0x00000000565aad40, R14=0x0000000059c9f048, R15=0x0000000057bfe800
RIP=0x0000000180008790, EFLAGS=0x0000000000010206

Top of Stack: (sp=0x0000000059c9edd0)
0x0000000059c9edd0:   0000000059db5470 0000000057c29310
0x0000000059c9ede0:   0000000057bfe800 0000000000000009
0x0000000059c9edf0:   0000000057c29310 000000018000aab4
0x0000000059c9ee00:   0000000057bfe9f8 0000000000000106
0x0000000059c9ee10:   00000000565aad40 0000000059c9f048
0x0000000059c9ee20:   0000000056b96280 0000000057c29310
0x0000000059c9ee30:   0000000059c9f040 000000018000b7fe
0x0000000059c9ee40:   0000000000000008 00000000565aad40
0x0000000059c9ee50:   0000000057bfe9f8 0000000000000000
0x0000000059c9ee60:   0000000057bfe800 0000000000000000
0x0000000059c9ee70:   00002fec224a1edd 000000007fffffdc
0x0000000059c9ee80:   0000000059c9ef10 0000000000000042
0x0000000059c9ee90:   0000000057bfe9f8 0000000000000000
0x0000000059c9eea0:   0000000057c29310 000000018000213d
0x0000000059c9eeb0:   0000000059c9f040 000000018001c0b0
0x0000000059c9eec0:   0000000000000000 0000000180000000 

Instructions: (pc=0x0000000180008790)
0x0000000180008770:   89 83 00 01 00 00 48 89 1d 73 6f 01 00 48 8b c3
0x0000000180008780:   48 8b 5c 24 30 48 8b 74 24 38 48 83 c4 20 5f c3
0x0000000180008790:   39 87 f8 00 00 00 7d 20 0f 1f 84 00 00 00 00 00
0x00000001800087a0:   48 8b 87 00 01 00 00 48 85 c0 74 0c 44 39 98 f8 


Register to memory mapping:

RAX=0x0000000000000002 is an unknown value
RBX=0x0000000059db5470 is an unknown value
RCX=0x0000000000000001 is an unknown value
RDX=0x0000000000000000 is an unknown value
RSP=0x0000000059c9edd0 is pointing into the stack for thread: 0x0000000057bfe800
RBP=0x0000000059c9f040 is pointing into the stack for thread: 0x0000000057bfe800
RSI=0x0000000057c29319 is an unknown value
RDI=0x0000000000000000 is an unknown value
R8 =0x0000000000000000 is an unknown value
R9 =0x0000000000000000 is an unknown value
R10=0x0000000000000079 is an unknown value
R11=0x0000000000000002 is an unknown value
R12=0x0000000059c9f048 is pointing into the stack for thread: 0x0000000057bfe800
R13=0x00000000565aad40 is pointing into metadata
R14=0x0000000059c9f048 is pointing into the stack for thread: 0x0000000057bfe800
R15=0x0000000057bfe800 is a thread


Stack: [0x0000000059ba0000,0x0000000059ca0000],  sp=0x0000000059c9edd0,  free space=1019k
Native frames: (J=compiled Java code, j=interpreted, Vv=VM code, C=native code)
C  [rxtxSerial.dll+0x8790]
C  [rxtxSerial.dll+0xaab4]
C  [rxtxSerial.dll+0x213d]
C  0x0000000002b6462b

Java frames: (J=compiled Java code, j=interpreted, Vv=VM code)
j  gnu.io.RXTXPort.open(Ljava/lang/String;)I+0
j  gnu.io.RXTXPort.<init>(Ljava/lang/String;)V+125
j  gnu.io.RXTXCommDriver.getCommPort(Ljava/lang/String;I)Lgnu/io/CommPort;+78
j  gnu.io.CommPortIdentifier.open(Ljava/lang/String;I)Lgnu/io/CommPort;+171
j  trackitarduino.Arduino.initialize()V+104
j  trackitarduino.ArduinoThread.run()V+45
v  ~StubRoutines::call_stub

---------------  P R O C E S S  ---------------

Java Threads: ( => current thread )
  0x0000000057c04800 JavaThread "Thread-2" [_thread_in_native, id=5164, stack(0x0000000059ed0000,0x0000000059fd0000)]
  0x000000000246d800 JavaThread "DestroyJavaVM" [_thread_blocked, id=6164, stack(0x0000000002780000,0x0000000002880000)]
=>0x0000000057bfe800 JavaThread "Thread-1" [_thread_in_native, id=6360, stack(0x0000000059ba0000,0x0000000059ca0000)]
  0x0000000057bea000 JavaThread "Thread-0" [_thread_in_vm, id=2988, stack(0x0000000059a40000,0x0000000059b40000)]
  0x0000000057ba3000 JavaThread "Service Thread" daemon [_thread_blocked, id=5108, stack(0x0000000059800000,0x0000000059900000)]
  0x0000000057b65800 JavaThread "C1 CompilerThread3" daemon [_thread_blocked, id=6064, stack(0x0000000059690000,0x0000000059790000)]
  0x0000000057b41000 JavaThread "C2 CompilerThread2" daemon [_thread_blocked, id=6952, stack(0x0000000059560000,0x0000000059660000)]
  0x0000000056b9b000 JavaThread "C2 CompilerThread1" daemon [_thread_blocked, id=6792, stack(0x0000000058b90000,0x0000000058c90000)]
  0x0000000057b37000 JavaThread "C2 CompilerThread0" daemon [_thread_blocked, id=2384, stack(0x0000000059370000,0x0000000059470000)]
  0x0000000057b36000 JavaThread "Attach Listener" daemon [_thread_blocked, id=6920, stack(0x0000000059160000,0x0000000059260000)]
  0x0000000057b34000 JavaThread "Signal Dispatcher" daemon [_thread_blocked, id=4040, stack(0x0000000058fb0000,0x00000000590b0000)]
  0x0000000056b8f000 JavaThread "Finalizer" daemon [_thread_blocked, id=4852, stack(0x0000000058e20000,0x0000000058f20000)]
  0x0000000056b86800 JavaThread "Reference Handler" daemon [_thread_blocked, id=6848, stack(0x0000000058c90000,0x0000000058d90000)]

Other Threads:
  0x0000000057ae2800 VMThread [stack: 0x0000000058a80000,0x0000000058b80000] [id=6980]
  0x0000000057ba9800 WatcherThread [stack: 0x0000000059900000,0x0000000059a00000] [id=1028]

VM state:not at safepoint (normal execution)

VM Mutex/Monitor currently owned by a thread: None

Heap:
 PSYoungGen      total 28672K, used 3932K [0x00000000e0580000, 0x00000000e2580000, 0x0000000100000000)
  eden space 24576K, 16% used [0x00000000e0580000,0x00000000e0957318,0x00000000e1d80000)
  from space 4096K, 0% used [0x00000000e2180000,0x00000000e2180000,0x00000000e2580000)
  to   space 4096K, 0% used [0x00000000e1d80000,0x00000000e1d80000,0x00000000e2180000)
 ParOldGen       total 65536K, used 0K [0x00000000a1000000, 0x00000000a5000000, 0x00000000e0580000)
  object space 65536K, 0% used [0x00000000a1000000,0x00000000a1000000,0x00000000a5000000)
 Metaspace       used 2980K, capacity 4664K, committed 4864K, reserved 1056768K
  class space    used 326K, capacity 424K, committed 512K, reserved 1048576K

Card table byte_map: [0x0000000011f10000,0x0000000012210000] byte_map_base: 0x0000000011a08000

Marking Bits: (ParMarkBitMap*) 0x0000000064f7a5b0
 Begin Bits: [0x0000000012f20000, 0x00000000146e0000)
 End Bits:   [0x00000000146e0000, 0x0000000015ea0000)

Polling page: 0x0000000000230000

CodeCache: size=245760Kb used=1206Kb max_used=1206Kb free=244553Kb
 bounds [0x0000000002b50000, 0x0000000002dc0000, 0x0000000011b50000]
 total_blobs=312 nmethods=78 adapters=148
 compilation: enabled

Compilation events (10 events):
Event: 0.283 Thread 0x0000000057b65800 nmethod 71 0x0000000002c770d0 code [0x0000000002c77220, 0x0000000002c77330]
Event: 0.286 Thread 0x0000000057b41000   72       4       java.util.Arrays::copyOfRange (63 bytes)
Event: 0.290 Thread 0x0000000057b65800   73       1       java.net.URL::getAuthority (5 bytes)
Event: 0.290 Thread 0x0000000057b65800 nmethod 73 0x0000000002c77390 code [0x0000000002c774e0, 0x0000000002c775f0]
Event: 0.290 Thread 0x0000000057b65800   75  s!   3       sun.misc.URLClassPath::getLoader (197 bytes)
Event: 0.293 Thread 0x0000000057b41000 nmethod 72 0x0000000002c7a450 code [0x0000000002c7a5a0, 0x0000000002c7a7b8]
Event: 0.296 Thread 0x0000000057b65800 nmethod 75 0x0000000002c7a910 code [0x0000000002c7ace0, 0x0000000002c7d3b8]
Event: 0.296 Thread 0x0000000057b65800   74  s    3       sun.misc.URLClassPath::getNextLoader (88 bytes)
Event: 0.297 Thread 0x0000000057b65800 nmethod 74 0x0000000002c79550 code [0x0000000002c79720, 0x0000000002c79fa8]
Event: 0.297 Thread 0x0000000057b65800   77       3       java.util.concurrent.ConcurrentHashMap::setTabAt (19 bytes)

GC Heap History (0 events):
No events

Deoptimization events (0 events):
No events

Internal exceptions (8 events):
Event: 0.096 Thread 0x000000000246d800 Exception <a 'java/lang/NoSuchMethodError': Method sun.misc.Unsafe.defineClass(Ljava/lang/String;[BII)Ljava/lang/Class; name or signature does not match> (0x00000000e058cc38) thrown at [C:\workspace\8-2-build-windows-amd64-cygwin\jdk8u65\4987\hotspot\src\sìˇéØ≥ö∏?
Event: 0.096 Thread 0x000000000246d800 Exception <a 'java/lang/NoSuchMethodError': Method sun.misc.Unsafe.prefetchRead(Ljava/lang/Object;J)V name or signature does not match> (0x00000000e058cf20) thrown at [C:\workspace\8-2-build-windows-amd64-cygwin\jdk8u65\4987\hotspot\src\share\vm\prims\jni.(êıbKØ–?
Event: 0.261 Thread 0x0000000057bea000 Exception <a 'java/io/FileNotFoundException'> (0x00000000e072b4e8) thrown at [C:\workspace\8-2-build-windows-amd64-cygwin\jdk8u65\4987\hotspot\src\share\vm\prims\jni.cpp, line 709]
Event: 0.271 Thread 0x0000000057bea000 Exception <a 'java/io/FileNotFoundException'> (0x00000000e0741f50) thrown at [C:\workspace\8-2-build-windows-amd64-cygwin\jdk8u65\4987\hotspot\src\share\vm\prims\jni.cpp, line 709]
Event: 0.274 Thread 0x0000000057bea000 Exception <a 'java/io/FileNotFoundException'> (0x00000000e0752310) thrown at [C:\workspace\8-2-build-windows-amd64-cygwin\jdk8u65\4987\hotspot\src\share\vm\prims\jni.cpp, line 709]
Event: 0.279 Thread 0x0000000057bea000 Exception <a 'java/io/FileNotFoundException'> (0x00000000e0768708) thrown at [C:\workspace\8-2-build-windows-amd64-cygwin\jdk8u65\4987\hotspot\src\share\vm\prims\jni.cpp, line 709]
Event: 0.282 Thread 0x0000000057bfe800 Exception <a 'java/io/FileNotFoundException'> (0x00000000e07e79f0) thrown at [C:\workspace\8-2-build-windows-amd64-cygwin\jdk8u65\4987\hotspot\src\share\vm\prims\jni.cpp, line 709]
Event: 0.286 Thread 0x0000000057bfe800 Exception <a 'java/io/FileNotFoundException'> (0x00000000e07fdde8) thrown at [C:\workspace\8-2-build-windows-amd64-cygwin\jdk8u65\4987\hotspot\src\share\vm\prims\jni.cpp, line 709]

Events (10 events):
Event: 0.293 loading class java/io/DataOutput done
Event: 0.293 loading class java/io/DataInput
Event: 0.293 loading class java/io/DataInput done
Event: 0.293 loading class java/io/RandomAccessFile done
Event: 0.293 loading class gnu/io/UnSupportedLoggerException
Event: 0.293 loading class gnu/io/UnSupportedLoggerException done
Event: 0.294 loading class java/lang/NumberFormatException
Event: 0.294 loading class java/lang/NumberFormatException done
Event: 0.296 loading class java/lang/IndexOutOfBoundsException
Event: 0.296 loading class java/lang/IndexOutOfBoundsException done


Dynamic libraries:
0x000000013fa00000 - 0x000000013fa37000 	C:\Program Files\Java\jdk1.8.0_65\bin\java.exe
0x0000000077c80000 - 0x0000000077e29000 	C:\Windows\SYSTEM32\ntdll.dll
0x0000000077a60000 - 0x0000000077b7f000 	C:\Windows\system32\kernel32.dll
0x000007fefdc50000 - 0x000007fefdcbc000 	C:\Windows\system32\KERNELBASE.dll
0x000007feff9d0000 - 0x000007feffaab000 	C:\Windows\system32\ADVAPI32.dll
0x000007feff600000 - 0x000007feff69f000 	C:\Windows\system32\msvcrt.dll
0x000007feff950000 - 0x000007feff96f000 	C:\Windows\SYSTEM32\sechost.dll
0x000007feff450000 - 0x000007feff57d000 	C:\Windows\system32\RPCRT4.dll
0x0000000077b80000 - 0x0000000077c7a000 	C:\Windows\system32\USER32.dll
0x000007feff8e0000 - 0x000007feff947000 	C:\Windows\system32\GDI32.dll
0x000007feff440000 - 0x000007feff44e000 	C:\Windows\system32\LPK.dll
0x000007feffe70000 - 0x000007fefff39000 	C:\Windows\system32\USP10.dll
0x000007fefc3a0000 - 0x000007fefc594000 	C:\Windows\WinSxS\amd64_microsoft.windows.common-controls_6595b64144ccf1df_6.0.7601.17514_none_fa396087175ac9ac\COMCTL32.dll
0x000007feff790000 - 0x000007feff801000 	C:\Windows\system32\SHLWAPI.dll
0x000007feff8b0000 - 0x000007feff8de000 	C:\Windows\system32\IMM32.DLL
0x000007feffb50000 - 0x000007feffc59000 	C:\Windows\system32\MSCTF.dll
0x000000006f920000 - 0x000000006f9f2000 	C:\Program Files\Java\jdk1.8.0_65\jre\bin\msvcr100.dll
0x0000000064770000 - 0x0000000064ff9000 	C:\Program Files\Java\jdk1.8.0_65\jre\bin\server\jvm.dll
0x000007fefa900000 - 0x000007fefa909000 	C:\Windows\system32\WSOCK32.dll
0x000007fefff40000 - 0x000007fefff8d000 	C:\Windows\system32\WS2_32.dll
0x000007feff780000 - 0x000007feff788000 	C:\Windows\system32\NSI.dll
0x000007fefb060000 - 0x000007fefb09b000 	C:\Windows\system32\WINMM.dll
0x000007fefcb70000 - 0x000007fefcb7c000 	C:\Windows\system32\VERSION.dll
0x0000000077e50000 - 0x0000000077e57000 	C:\Windows\system32\PSAPI.DLL
0x00000000756c0000 - 0x00000000756cf000 	C:\Program Files\Java\jdk1.8.0_65\jre\bin\verify.dll
0x000000006fa70000 - 0x000000006fa99000 	C:\Program Files\Java\jdk1.8.0_65\jre\bin\java.dll
0x000000006fa50000 - 0x000000006fa66000 	C:\Program Files\Java\jdk1.8.0_65\jre\bin\zip.dll
0x000007fefe690000 - 0x000007feff418000 	C:\Windows\system32\SHELL32.dll
0x000007feffc60000 - 0x000007feffe63000 	C:\Windows\system32\ole32.dll
0x000007fefdaa0000 - 0x000007fefdaaf000 	C:\Windows\system32\profapi.dll
0x0000000180000000 - 0x0000000180025000 	C:\Windows\SysWOW64\rxtxSerial.dll
0x000007fef8930000 - 0x000007fef8a55000 	C:\Windows\system32\dbghelp.dll

VM Arguments:
jvm_args: -Dfile.encoding=UTF-8 -Djava.library.path=C:\Windows\SysWOW64 
java_command: trackitarduino.Main
java_class_path (initial): D:\Desarrollo\GitHub\Arduino\TrackitARDUINO\librerias\RXTXcomm.jar;D:\Desarrollo\GitHub\Arduino\TrackitARDUINO\build\classes
Launcher Type: SUN_STANDARD

Environment Variables:
PATH=C:\ProgramData\Oracle\Java\javapath;C:\Program Files (x86)\AMD APP\bin\x86_64;C:\Program Files (x86)\AMD APP\bin\x86;C:\Windows\system32;C:\Windows;C:\Windows\System32\Wbem;C:\Windows\System32\WindowsPowerShell\v1.0\;C:\Program Files\Dell\Dell Wireless WLAN Card;C:\Program Files (x86)\ATI Technologies\ATI.ACE\Core-Static;C:\Program Files (x86)\Skype\Phone\;C:\Program Files (x86)\Brackets\command;C:\Program Files\nodejs\;C:\Program Files (x86)\Microsoft VS Code\bin;C:\Users\jtarira\AppData\Local\atom\bin;C:\Users\jtarira\AppData\Roaming\npm
USERNAME=jtarira
OS=Windows_NT
PROCESSOR_IDENTIFIER=Intel64 Family 6 Model 30 Stepping 5, GenuineIntel



---------------  S Y S T E M  ---------------

OS: Windows 7 , 64 bit Build 7601 (6.1.7601.18409)

CPU:total 8 (4 cores per cpu, 2 threads per core) family 6 model 30 stepping 5, cmov, cx8, fxsr, mmx, sse, sse2, sse3, ssse3, sse4.1, sse4.2, popcnt, ht, tsc, tscinvbit

Memory: 4k page, physical 6222372k(2045660k free), swap 12442880k(7446836k free)

vm_info: Java HotSpot(TM) 64-Bit Server VM (25.65-b01) for windows-amd64 JRE (1.8.0_65-b17), built on Oct  6 2015 16:39:20 by "java_re" with MS VC++ 10.0 (VS2010)

time: Wed Oct 26 19:56:13 2016
elapsed time: 0 seconds (0d 0h 0m 0s)

